CINDA BACKUP   BCK00120240426 157569  65309
      1) Area:1 Z=0   NN-1      bl:6     ln:10   
      2) Area:1 Z=1   H-0       bl:8     ln:17   
      3) Area:1 Z=1   H-1       bl:766   ln:1829 
      4) Area:1 Z=1   H-2       bl:735   ln:1822 
      5) Area:1 Z=1   H-3       bl:249   ln:636  
      6) Area:1 Z=1   H-BNZ     bl:17    ln:23   
      7) Area:1 Z=1   H-CMP     bl:9     ln:11   
      8) Area:1 Z=1   H-CXX     bl:49    ln:65   
      9) Area:1 Z=1   H-D2O     bl:42    ln:84   
     10) Area:1 Z=1   H-DXX     bl:5     ln:6    
     11) Area:1 Z=1   H-ETH     bl:3     ln:7    
     12) Area:1 Z=1   H-MTH     bl:33    ln:58   
     13) Area:1 Z=1   H-PFN     bl:12    ln:14   
     14) Area:1 Z=1   H-PHL     bl:6     ln:8    
     15) Area:1 Z=1   H-PLE     bl:52    ln:93   
     16) Area:1 Z=1   H-WTR     bl:104   ln:213  
     17) Area:1 Z=2   HE-0      bl:26    ln:55   
     18) Area:1 Z=2   HE-3      bl:305   ln:739  
     19) Area:1 Z=2   HE-4      bl:397   ln:950  
     20) Area:1 Z=2   HE-6      bl:3     ln:7    
     21) Area:1 Z=2   HE-8      bl:2     ln:5    
     22) Area:1 Z=3   LI-0      bl:95    ln:199  
     23) Area:1 Z=3   LI-11     bl:4     ln:8    
     24) Area:1 Z=3   LI-6      bl:580   ln:1659 
     25) Area:1 Z=3   LI-7      bl:548   ln:1543 
     26) Area:1 Z=3   LI-8      bl:18    ln:45   
     27) Area:1 Z=3   LI-9      bl:2     ln:4    
     28) Area:1 Z=3   LI-CMP    bl:5     ln:11   
     29) Area:1 Z=4   BE-0      bl:1     ln:1    
     30) Area:1 Z=4   BE-10     bl:16    ln:36   
     31) Area:1 Z=4   BE-11     bl:4     ln:12   
     32) Area:1 Z=4   BE-14     bl:1     ln:2    
     33) Area:1 Z=4   BE-7      bl:48    ln:126  
     34) Area:1 Z=4   BE-9      bl:948   ln:2368 
     35) Area:1 Z=4   BE-OXI    bl:18    ln:30   
     36) Area:1 Z=5   B-0       bl:114   ln:250  
     37) Area:1 Z=5   B-10      bl:472   ln:1292 
     38) Area:1 Z=5   B-11      bl:358   ln:938  
     39) Area:1 Z=5   B-12      bl:3     ln:7    
     40) Area:1 Z=5   B-13      bl:3     ln:6    
     41) Area:1 Z=5   B-8       bl:3     ln:7    
     42) Area:1 Z=5   B-9       bl:6     ln:12   
     43) Area:1 Z=5   B-CMP     bl:7     ln:13   
     44) Area:1 Z=6   C-0       bl:339   ln:809  
     45) Area:1 Z=6   C-11      bl:12    ln:14   
     46) Area:1 Z=6   C-12      bl:1487  ln:3753 
     47) Area:1 Z=6   C-13      bl:332   ln:905  
     48) Area:1 Z=6   C-14      bl:107   ln:242  
     49) Area:1 Z=6   C-15      bl:4     ln:8    
     50) Area:1 Z=6   C-9       bl:1     ln:4    
     51) Area:1 Z=6   C-CMP     bl:14    ln:23   
     52) Area:1 Z=7   N-0       bl:76    ln:199  
     53) Area:1 Z=7   N-12      bl:1     ln:2    
     54) Area:1 Z=7   N-13      bl:8     ln:9    
     55) Area:1 Z=7   N-14      bl:598   ln:1437 
     56) Area:1 Z=7   N-15      bl:177   ln:416  
     57) Area:1 Z=7   N-16      bl:3     ln:5    
     58) Area:1 Z=7   N-17      bl:1     ln:3    
     59) Area:1 Z=7   N-AIR     bl:4     ln:4    
     60) Area:1 Z=7   N-AMM     bl:14    ln:19   
     61) Area:1 Z=7   N-CMP     bl:2     ln:2    
     62) Area:1 Z=8   O-0       bl:105   ln:254  
     63) Area:1 Z=8   O-13      bl:1     ln:4    
     64) Area:1 Z=8   O-14      bl:10    ln:20   
     65) Area:1 Z=8   O-15      bl:25    ln:34   
     66) Area:1 Z=8   O-16      bl:854   ln:2154 
     67) Area:1 Z=8   O-17      bl:113   ln:258  
     68) Area:1 Z=8   O-18      bl:153   ln:379  
     69) Area:1 Z=8   O-19      bl:2     ln:3    
     70) Area:1 Z=8   O-20      bl:3     ln:5    
     71) Area:1 Z=8   O-24      bl:1     ln:3    
     72) Area:1 Z=8   O-CMP     bl:15    ln:39   
     73) Area:1 Z=9   F-0       bl:1     ln:1    
     74) Area:1 Z=9   F-17      bl:16    ln:37   
     75) Area:1 Z=9   F-18      bl:43    ln:119  
     76) Area:1 Z=9   F-18-L    bl:1     ln:3    
     77) Area:1 Z=9   F-19      bl:376   ln:984  
     78) Area:1 Z=9   F-20      bl:5     ln:5    
     79) Area:1 Z=9   F-21      bl:1     ln:2    
     80) Area:1 Z=9   F-27      bl:3     ln:6    
     81) Area:1 Z=9   F-CMP     bl:5     ln:10   
     82) Area:1 Z=10  NE-0      bl:48    ln:102  
     83) Area:1 Z=10  NE-18     bl:10    ln:24   
     84) Area:1 Z=10  NE-19     bl:3     ln:3    
     85) Area:1 Z=10  NE-20     bl:122   ln:266  
     86) Area:1 Z=10  NE-21     bl:28    ln:54   
     87) Area:1 Z=10  NE-22     bl:67    ln:149  
     88) Area:1 Z=10  NE-23     bl:2     ln:2    
     89) Area:1 Z=11  NA-0      bl:1     ln:1    
     90) Area:1 Z=11  NA-21     bl:9     ln:24   
     91) Area:1 Z=11  NA-22     bl:28    ln:84   
     92) Area:1 Z=11  NA-23     bl:423   ln:1133 
     93) Area:1 Z=11  NA-24     bl:7     ln:8    
     94) Area:1 Z=11  NA-CMP    bl:9     ln:17   
     95) Area:1 Z=12  MG-0      bl:262   ln:690  
     96) Area:1 Z=12  MG-20     bl:2     ln:5    
     97) Area:1 Z=12  MG-22     bl:3     ln:5    
     98) Area:1 Z=12  MG-23     bl:4     ln:6    
     99) Area:1 Z=12  MG-24     bl:281   ln:664  
    100) Area:1 Z=12  MG-25     bl:112   ln:238  
    101) Area:1 Z=12  MG-26     bl:148   ln:354  
    102) Area:1 Z=12  MG-27     bl:5     ln:8    
    103) Area:1 Z=12  MG-CMP    bl:6     ln:7    
    104) Area:1 Z=12  MG-OXI    bl:3     ln:12   
    105) Area:1 Z=13  AL-0      bl:1     ln:1    
    106) Area:1 Z=13  AL-23     bl:1     ln:3    
    107) Area:1 Z=13  AL-25     bl:3     ln:5    
    108) Area:1 Z=13  AL-26     bl:19    ln:36   
    109) Area:1 Z=13  AL-26-M1  bl:1     ln:2    
    110) Area:1 Z=13  AL-27     bl:1095  ln:2904 
    111) Area:1 Z=13  AL-28     bl:6     ln:7    
    112) Area:1 Z=13  AL-CMP    bl:8     ln:13   
    113) Area:1 Z=13  AL-OXI    bl:3     ln:7    
    114) Area:1 Z=14  SI-0      bl:295   ln:871  
    115) Area:1 Z=14  SI-27     bl:5     ln:5    
    116) Area:1 Z=14  SI-28     bl:379   ln:923  
    117) Area:1 Z=14  SI-29     bl:103   ln:226  
    118) Area:1 Z=14  SI-30     bl:108   ln:237  
    119) Area:1 Z=14  SI-31     bl:5     ln:7    
    120) Area:1 Z=14  SI-32     bl:2     ln:4    
    121) Area:1 Z=14  SI-CMP    bl:5     ln:14   
    122) Area:1 Z=14  SI-OXI    bl:21    ln:40   
    123) Area:1 Z=15  P-0       bl:1     ln:1    
    124) Area:1 Z=15  P-29      bl:10    ln:26   
    125) Area:1 Z=15  P-30      bl:9     ln:16   
    126) Area:1 Z=15  P-31      bl:208   ln:463  
    127) Area:1 Z=15  P-32      bl:5     ln:5    
    128) Area:1 Z=15  P-41      bl:1     ln:2    
    129) Area:1 Z=15  P-43      bl:1     ln:2    
    130) Area:1 Z=16  S-0       bl:206   ln:534  
    131) Area:1 Z=16  S-30      bl:1     ln:3    
    132) Area:1 Z=16  S-31      bl:5     ln:8    
    133) Area:1 Z=16  S-32      bl:230   ln:514  
    134) Area:1 Z=16  S-33      bl:59    ln:145  
    135) Area:1 Z=16  S-34      bl:90    ln:219  
    136) Area:1 Z=16  S-35      bl:2     ln:2    
    137) Area:1 Z=16  S-36      bl:12    ln:25   
    138) Area:1 Z=16  S-37      bl:2     ln:2    
    139) Area:1 Z=16  S-40      bl:1     ln:2    
    140) Area:1 Z=16  S-42      bl:3     ln:6    
    141) Area:1 Z=16  S-44      bl:1     ln:2    
    142) Area:1 Z=16  S-CMP     bl:3     ln:3    
    143) Area:1 Z=17  CL-0      bl:99    ln:237  
    144) Area:1 Z=17  CL-33     bl:1     ln:3    
    145) Area:1 Z=17  CL-34     bl:3     ln:4    
    146) Area:1 Z=17  CL-35     bl:147   ln:325  
    147) Area:1 Z=17  CL-36     bl:20    ln:37   
    148) Area:1 Z=17  CL-37     bl:81    ln:193  
    149) Area:1 Z=17  CL-38     bl:4     ln:4    
    150) Area:1 Z=17  CL-CMP    bl:9     ln:20   
    151) Area:1 Z=18  AR-0      bl:61    ln:119  
    152) Area:1 Z=18  AR-35     bl:2     ln:2    
    153) Area:1 Z=18  AR-36     bl:57    ln:147  
    154) Area:1 Z=18  AR-37     bl:6     ln:8    
    155) Area:1 Z=18  AR-38     bl:22    ln:40   
    156) Area:1 Z=18  AR-39     bl:4     ln:6    
    157) Area:1 Z=18  AR-40     bl:129   ln:300  
    158) Area:1 Z=18  AR-41     bl:5     ln:6    
    159) Area:1 Z=19  K-0       bl:98    ln:228  
    160) Area:1 Z=19  K-38      bl:7     ln:13   
    161) Area:1 Z=19  K-39      bl:104   ln:219  
    162) Area:1 Z=19  K-40      bl:22    ln:41   
    163) Area:1 Z=19  K-41      bl:91    ln:208  
    164) Area:1 Z=19  K-42      bl:4     ln:4    
    165) Area:1 Z=19  K-47      bl:1     ln:2    
    166) Area:1 Z=19  K-CMP     bl:14    ln:29   
    167) Area:1 Z=20  CA-0      bl:212   ln:623  
    168) Area:1 Z=20  CA-39     bl:2     ln:2    
    169) Area:1 Z=20  CA-40     bl:408   ln:963  
    170) Area:1 Z=20  CA-41     bl:9     ln:12   
    171) Area:1 Z=20  CA-42     bl:71    ln:145  
    172) Area:1 Z=20  CA-43     bl:46    ln:103  
    173) Area:1 Z=20  CA-44     bl:90    ln:229  
    174) Area:1 Z=20  CA-45     bl:5     ln:6    
    175) Area:1 Z=20  CA-46     bl:23    ln:43   
    176) Area:1 Z=20  CA-47     bl:2     ln:2    
    177) Area:1 Z=20  CA-48     bl:128   ln:344  
    178) Area:1 Z=20  CA-49     bl:2     ln:2    
    179) Area:1 Z=20  CA-50     bl:1     ln:2    
    180) Area:1 Z=20  CA-CMP    bl:11    ln:16   
    181) Area:1 Z=20  CA-OXI    bl:1     ln:2    
    182) Area:1 Z=21  SC-0      bl:1     ln:1    
    183) Area:1 Z=21  SC-44     bl:6     ln:6    
    184) Area:1 Z=21  SC-45     bl:209   ln:515  
    185) Area:1 Z=21  SC-46     bl:7     ln:9    
    186) Area:1 Z=22  TI-0      bl:264   ln:756  
    187) Area:1 Z=22  TI-44     bl:5     ln:11   
    188) Area:1 Z=22  TI-45     bl:3     ln:3    
    189) Area:1 Z=22  TI-46     bl:143   ln:436  
    190) Area:1 Z=22  TI-47     bl:96    ln:219  
    191) Area:1 Z=22  TI-48     bl:229   ln:607  
    192) Area:1 Z=22  TI-49     bl:62    ln:140  
    193) Area:1 Z=22  TI-50     bl:98    ln:205  
    194) Area:1 Z=22  TI-51     bl:4     ln:4    
    195) Area:1 Z=22  TI-54     bl:1     ln:2    
    196) Area:1 Z=22  TI-CMP    bl:5     ln:11   
    197) Area:1 Z=22  TI-OXI    bl:2     ln:4    
    198) Area:1 Z=23  V-0       bl:93    ln:277  
    199) Area:1 Z=23  V-49      bl:2     ln:2    
    200) Area:1 Z=23  V-50      bl:23    ln:49   
    201) Area:1 Z=23  V-51      bl:442   ln:1150 
    202) Area:1 Z=23  V-52      bl:4     ln:5    
    203) Area:1 Z=23  V-CMP     bl:3     ln:3    
    204) Area:1 Z=24  CR-0      bl:214   ln:649  
    205) Area:1 Z=24  CR-49     bl:3     ln:3    
    206) Area:1 Z=24  CR-50     bl:155   ln:472  
    207) Area:1 Z=24  CR-51     bl:6     ln:9    
    208) Area:1 Z=24  CR-52     bl:241   ln:662  
    209) Area:1 Z=24  CR-53     bl:112   ln:325  
    210) Area:1 Z=24  CR-54     bl:93    ln:274  
    211) Area:1 Z=24  CR-55     bl:4     ln:5    
    212) Area:1 Z=24  CR-CMP    bl:3     ln:3    
    213) Area:1 Z=25  MN-0      bl:1     ln:1    
    214) Area:1 Z=25  MN-52     bl:1     ln:2    
    215) Area:1 Z=25  MN-53     bl:3     ln:6    
    216) Area:1 Z=25  MN-54     bl:10    ln:15   
    217) Area:1 Z=25  MN-55     bl:386   ln:894  
    218) Area:1 Z=25  MN-56     bl:3     ln:3    
    219) Area:1 Z=25  MN-CMP    bl:26    ln:29   
    220) Area:1 Z=26  FE-0      bl:704   ln:2005 
    221) Area:1 Z=26  FE-53     bl:2     ln:2    
    222) Area:1 Z=26  FE-54     bl:412   ln:1320 
    223) Area:1 Z=26  FE-55     bl:9     ln:17   
    224) Area:1 Z=26  FE-56     bl:594   ln:1576 
    225) Area:1 Z=26  FE-57     bl:113   ln:305  
    226) Area:1 Z=26  FE-58     bl:114   ln:272  
    227) Area:1 Z=26  FE-59     bl:4     ln:6    
    228) Area:1 Z=26  FE-60     bl:1     ln:4    
    229) Area:1 Z=26  FE-CMP    bl:35    ln:118  
    230) Area:1 Z=27  CO-0      bl:1     ln:1    
    231) Area:1 Z=27  CO-55     bl:2     ln:4    
    232) Area:1 Z=27  CO-56     bl:1     ln:1    
    233) Area:1 Z=27  CO-57     bl:4     ln:9    
    234) Area:1 Z=27  CO-58     bl:15    ln:35   
    235) Area:1 Z=27  CO-58-M1  bl:5     ln:11   
    236) Area:1 Z=27  CO-59     bl:626   ln:1578 
    237) Area:1 Z=27  CO-60     bl:14    ln:28   
    238) Area:1 Z=27  CO-60-M1  bl:5     ln:10   
    239) Area:1 Z=27  CO-CMP    bl:3     ln:3    
    240) Area:1 Z=28  NI-0      bl:404   ln:1072 
    241) Area:1 Z=28  NI-56     bl:5     ln:11   
    242) Area:1 Z=28  NI-57     bl:3     ln:3    
    243) Area:1 Z=28  NI-58     bl:676   ln:1816 
    244) Area:1 Z=28  NI-59     bl:51    ln:169  
    245) Area:1 Z=28  NI-60     bl:377   ln:1136 
    246) Area:1 Z=28  NI-61     bl:83    ln:191  
    247) Area:1 Z=28  NI-62     bl:185   ln:414  
    248) Area:1 Z=28  NI-63     bl:7     ln:14   
    249) Area:1 Z=28  NI-64     bl:149   ln:355  
    250) Area:1 Z=28  NI-65     bl:7     ln:12   
    251) Area:1 Z=28  NI-68     bl:1     ln:2    
    252) Area:1 Z=28  NI-69     bl:1     ln:2    
    253) Area:1 Z=28  NI-CMP    bl:6     ln:7    
    254) Area:1 Z=29  CU-0      bl:584   ln:1420 
    255) Area:1 Z=29  CU-59     bl:3     ln:4    
    256) Area:1 Z=29  CU-60     bl:1     ln:1    
    257) Area:1 Z=29  CU-61     bl:1     ln:1    
    258) Area:1 Z=29  CU-62     bl:4     ln:4    
    259) Area:1 Z=29  CU-63     bl:404   ln:1083 
    260) Area:1 Z=29  CU-64     bl:9     ln:15   
    261) Area:1 Z=29  CU-65     bl:362   ln:1057 
    262) Area:1 Z=29  CU-66     bl:6     ln:11   
    263) Area:1 Z=29  CU-CMP    bl:9     ln:11   
    264) Area:1 Z=30  ZN-0      bl:230   ln:537  
    265) Area:1 Z=30  ZN-60     bl:1     ln:2    
    266) Area:1 Z=30  ZN-63     bl:3     ln:3    
    267) Area:1 Z=30  ZN-64     bl:248   ln:592  
    268) Area:1 Z=30  ZN-65     bl:12    ln:21   
    269) Area:1 Z=30  ZN-66     bl:95    ln:217  
    270) Area:1 Z=30  ZN-67     bl:60    ln:130  
    271) Area:1 Z=30  ZN-68     bl:143   ln:358  
    272) Area:1 Z=30  ZN-69     bl:3     ln:3    
    273) Area:1 Z=30  ZN-70     bl:40    ln:94   
    274) Area:1 Z=30  ZN-71     bl:2     ln:2    
    275) Area:1 Z=30  ZN-CMP    bl:4     ln:4    
    276) Area:1 Z=31  GA-0      bl:49    ln:92   
    277) Area:1 Z=31  GA-68     bl:2     ln:2    
    278) Area:1 Z=31  GA-69     bl:65    ln:135  
    279) Area:1 Z=31  GA-70     bl:3     ln:3    
    280) Area:1 Z=31  GA-71     bl:67    ln:139  
    281) Area:1 Z=31  GA-72     bl:1     ln:1    
    282) Area:1 Z=32  GE-0      bl:86    ln:198  
    283) Area:1 Z=32  GE-68     bl:2     ln:5    
    284) Area:1 Z=32  GE-69     bl:2     ln:2    
    285) Area:1 Z=32  GE-70     bl:75    ln:163  
    286) Area:1 Z=32  GE-71     bl:3     ln:3    
    287) Area:1 Z=32  GE-72     bl:60    ln:138  
    288) Area:1 Z=32  GE-73     bl:31    ln:59   
    289) Area:1 Z=32  GE-74     bl:80    ln:184  
    290) Area:1 Z=32  GE-75     bl:3     ln:3    
    291) Area:1 Z=32  GE-76     bl:76    ln:172  
    292) Area:1 Z=32  GE-77     bl:2     ln:2    
    293) Area:1 Z=32  GE-80     bl:1     ln:2    
    294) Area:1 Z=32  GE-82     bl:2     ln:5    
    295) Area:1 Z=33  AS-0      bl:1     ln:1    
    296) Area:1 Z=33  AS-74     bl:5     ln:5    
    297) Area:1 Z=33  AS-75     bl:215   ln:475  
    298) Area:1 Z=33  AS-76     bl:2     ln:2    
    299) Area:1 Z=33  AS-77     bl:1     ln:1    
    300) Area:1 Z=34  SE-0      bl:101   ln:224  
    301) Area:1 Z=34  SE-73     bl:2     ln:2    
    302) Area:1 Z=34  SE-74     bl:41    ln:92   
    303) Area:1 Z=34  SE-75     bl:2     ln:2    
    304) Area:1 Z=34  SE-76     bl:69    ln:158  
    305) Area:1 Z=34  SE-77     bl:46    ln:93   
    306) Area:1 Z=34  SE-78     bl:56    ln:113  
    307) Area:1 Z=34  SE-79     bl:4     ln:4    
    308) Area:1 Z=34  SE-80     bl:79    ln:172  
    309) Area:1 Z=34  SE-81     bl:2     ln:2    
    310) Area:1 Z=34  SE-82     bl:51    ln:95   
    311) Area:1 Z=34  SE-83     bl:1     ln:1    
    312) Area:1 Z=34  SE-84     bl:3     ln:8    
    313) Area:1 Z=34  SE-87     bl:5     ln:5    
    314) Area:1 Z=34  SE-88     bl:5     ln:5    
    315) Area:1 Z=35  BR-0      bl:78    ln:173  
    316) Area:1 Z=35  BR-76     bl:1     ln:2    
    317) Area:1 Z=35  BR-78     bl:2     ln:2    
    318) Area:1 Z=35  BR-79     bl:84    ln:186  
    319) Area:1 Z=35  BR-80     bl:3     ln:3    
    320) Area:1 Z=35  BR-81     bl:82    ln:187  
    321) Area:1 Z=35  BR-82     bl:3     ln:3    
    322) Area:1 Z=35  BR-89     bl:1     ln:1    
    323) Area:1 Z=35  BR-CMP    bl:4     ln:10   
    324) Area:1 Z=36  KR-0      bl:38    ln:77   
    325) Area:1 Z=36  KR-77     bl:1     ln:1    
    326) Area:1 Z=36  KR-78     bl:25    ln:51   
    327) Area:1 Z=36  KR-79     bl:1     ln:1    
    328) Area:1 Z=36  KR-80     bl:30    ln:72   
    329) Area:1 Z=36  KR-81     bl:2     ln:2    
    330) Area:1 Z=36  KR-82     bl:26    ln:51   
    331) Area:1 Z=36  KR-83     bl:29    ln:49   
    332) Area:1 Z=36  KR-84     bl:35    ln:62   
    333) Area:1 Z=36  KR-85     bl:16    ln:25   
    334) Area:1 Z=36  KR-86     bl:52    ln:135  
    335) Area:1 Z=36  KR-92     bl:5     ln:5    
    336) Area:1 Z=36  KR-93     bl:5     ln:5    
    337) Area:1 Z=36  KR-96     bl:3     ln:6    
    338) Area:1 Z=37  RB-0      bl:31    ln:72   
    339) Area:1 Z=37  RB-84     bl:3     ln:4    
    340) Area:1 Z=37  RB-85     bl:80    ln:172  
    341) Area:1 Z=37  RB-86     bl:10    ln:15   
    342) Area:1 Z=37  RB-87     bl:71    ln:152  
    343) Area:1 Z=37  RB-88     bl:5     ln:11   
    344) Area:1 Z=37  RB-95     bl:1     ln:1    
    345) Area:1 Z=37  RB-CMP    bl:7     ln:21   
    346) Area:1 Z=38  SR-0      bl:71    ln:154  
    347) Area:1 Z=38  SR-83     bl:1     ln:1    
    348) Area:1 Z=38  SR-84     bl:29    ln:57   
    349) Area:1 Z=38  SR-85     bl:4     ln:4    
    350) Area:1 Z=38  SR-86     bl:57    ln:136  
    351) Area:1 Z=38  SR-87     bl:60    ln:125  
    352) Area:1 Z=38  SR-88     bl:110   ln:256  
    353) Area:1 Z=38  SR-89     bl:9     ln:16   
    354) Area:1 Z=38  SR-90     bl:10    ln:18   
    355) Area:1 Z=38  SR-91     bl:1     ln:1    
    356) Area:1 Z=38  SR-94     bl:8     ln:13   
    357) Area:1 Z=38  SR-95     bl:8     ln:12   
    358) Area:1 Z=38  SR-96     bl:2     ln:4    
    359) Area:1 Z=38  SR-CMP    bl:6     ln:12   
    360) Area:1 Z=38  SR-OXI    bl:1     ln:2    
    361) Area:1 Z=39  Y-0       bl:1     ln:1    
    362) Area:1 Z=39  Y-86      bl:2     ln:4    
    363) Area:1 Z=39  Y-87      bl:15    ln:19   
    364) Area:1 Z=39  Y-88      bl:26    ln:42   
    365) Area:1 Z=39  Y-89      bl:410   ln:1086 
    366) Area:1 Z=39  Y-90      bl:13    ln:20   
    367) Area:1 Z=39  Y-91      bl:8     ln:18   
    368) Area:1 Z=39  Y-92      bl:2     ln:4    
    369) Area:1 Z=39  Y-93      bl:1     ln:1    
    370) Area:1 Z=39  Y-CMP     bl:9     ln:11   
    371) Area:1 Z=40  ZR-0      bl:276   ln:639  
    372) Area:1 Z=40  ZR-100    bl:5     ln:5    
    373) Area:1 Z=40  ZR-102    bl:5     ln:5    
    374) Area:1 Z=40  ZR-103    bl:5     ln:5    
    375) Area:1 Z=40  ZR-88     bl:16    ln:36   
    376) Area:1 Z=40  ZR-89     bl:14    ln:17   
    377) Area:1 Z=40  ZR-90     bl:386   ln:979  
    378) Area:1 Z=40  ZR-91     bl:142   ln:328  
    379) Area:1 Z=40  ZR-92     bl:171   ln:451  
    380) Area:1 Z=40  ZR-93     bl:32    ln:59   
    381) Area:1 Z=40  ZR-94     bl:168   ln:430  
    382) Area:1 Z=40  ZR-95     bl:6     ln:8    
    383) Area:1 Z=40  ZR-96     bl:118   ln:270  
    384) Area:1 Z=40  ZR-97     bl:1     ln:1    
    385) Area:1 Z=40  ZR-99     bl:5     ln:5    
    386) Area:1 Z=40  ZR-ALY    bl:1     ln:2    
    387) Area:1 Z=40  ZR-CMP    bl:2     ln:3    
    388) Area:1 Z=40  ZR-HYD    bl:46    ln:96   
    389) Area:1 Z=40  ZR-OXI    bl:2     ln:7    
    390) Area:1 Z=41  NB-0      bl:1     ln:1    
    391) Area:1 Z=41  NB-91     bl:2     ln:2    
    392) Area:1 Z=41  NB-92     bl:1     ln:1    
    393) Area:1 Z=41  NB-93     bl:542   ln:1549 
    394) Area:1 Z=41  NB-94     bl:29    ln:69   
    395) Area:1 Z=41  NB-95     bl:11    ln:27   
    396) Area:1 Z=41  NB-96     bl:1     ln:1    
    397) Area:1 Z=41  NB-97     bl:1     ln:1    
    398) Area:1 Z=41  NB-CMP    bl:4     ln:16   
    399) Area:1 Z=42  MO-0      bl:229   ln:587  
    400) Area:1 Z=42  MO-100    bl:161   ln:480  
    401) Area:1 Z=42  MO-107    bl:5     ln:5    
    402) Area:1 Z=42  MO-108    bl:5     ln:5    
    403) Area:1 Z=42  MO-91     bl:2     ln:2    
    404) Area:1 Z=42  MO-92     bl:211   ln:635  
    405) Area:1 Z=42  MO-93     bl:2     ln:2    
    406) Area:1 Z=42  MO-94     bl:84    ln:322  
    407) Area:1 Z=42  MO-95     bl:119   ln:325  
    408) Area:1 Z=42  MO-96     bl:132   ln:407  
    409) Area:1 Z=42  MO-97     bl:67    ln:139  
    410) Area:1 Z=42  MO-98     bl:177   ln:500  
    411) Area:1 Z=42  MO-99     bl:4     ln:7    
    412) Area:1 Z=43  TC-0      bl:1     ln:1    
    413) Area:1 Z=43  TC-100    bl:2     ln:2    
    414) Area:1 Z=43  TC-97     bl:4     ln:4    
    415) Area:1 Z=43  TC-98     bl:6     ln:8    
    416) Area:1 Z=43  TC-99     bl:74    ln:174  
    417) Area:1 Z=44  RU-0      bl:39    ln:104  
    418) Area:1 Z=44  RU-100    bl:31    ln:71   
    419) Area:1 Z=44  RU-101    bl:58    ln:153  
    420) Area:1 Z=44  RU-102    bl:67    ln:177  
    421) Area:1 Z=44  RU-103    bl:7     ln:12   
    422) Area:1 Z=44  RU-104    bl:63    ln:168  
    423) Area:1 Z=44  RU-105    bl:5     ln:12   
    424) Area:1 Z=44  RU-106    bl:13    ln:21   
    425) Area:1 Z=44  RU-95     bl:3     ln:3    
    426) Area:1 Z=44  RU-96     bl:52    ln:123  
    427) Area:1 Z=44  RU-97     bl:1     ln:1    
    428) Area:1 Z=44  RU-98     bl:12    ln:23   
    429) Area:1 Z=44  RU-99     bl:26    ln:56   
    430) Area:1 Z=45  RH-0      bl:1     ln:1    
    431) Area:1 Z=45  RH-102    bl:2     ln:2    
    432) Area:1 Z=45  RH-103    bl:314   ln:741  
    433) Area:1 Z=45  RH-104    bl:4     ln:7    
    434) Area:1 Z=45  RH-104-M1 bl:2     ln:5    
    435) Area:1 Z=45  RH-105    bl:15    ln:34   
    436) Area:1 Z=46  PD-0      bl:99    ln:280  
    437) Area:1 Z=46  PD-101    bl:1     ln:1    
    438) Area:1 Z=46  PD-102    bl:31    ln:72   
    439) Area:1 Z=46  PD-103    bl:2     ln:2    
    440) Area:1 Z=46  PD-104    bl:47    ln:105  
    441) Area:1 Z=46  PD-105    bl:62    ln:143  
    442) Area:1 Z=46  PD-106    bl:65    ln:146  
    443) Area:1 Z=46  PD-107    bl:26    ln:62   
    444) Area:1 Z=46  PD-108    bl:79    ln:207  
    445) Area:1 Z=46  PD-109    bl:4     ln:4    
    446) Area:1 Z=46  PD-110    bl:60    ln:144  
    447) Area:1 Z=46  PD-112    bl:1     ln:1    
    448) Area:1 Z=46  PD-CMP    bl:1     ln:2    
    449) Area:1 Z=47  AG-0      bl:370   ln:863  
    450) Area:1 Z=47  AG-106    bl:1     ln:1    
    451) Area:1 Z=47  AG-107    bl:143   ln:321  
    452) Area:1 Z=47  AG-108    bl:3     ln:3    
    453) Area:1 Z=47  AG-109    bl:164   ln:308  
    454) Area:1 Z=47  AG-110    bl:4     ln:4    
    455) Area:1 Z=47  AG-110-M1 bl:3     ln:6    
    456) Area:1 Z=47  AG-111    bl:9     ln:17   
    457) Area:1 Z=47  AG-CMP    bl:4     ln:14   
    458) Area:1 Z=48  CD-0      bl:282   ln:678  
    459) Area:1 Z=48  CD-105    bl:1     ln:1    
    460) Area:1 Z=48  CD-106    bl:46    ln:99   
    461) Area:1 Z=48  CD-107    bl:1     ln:1    
    462) Area:1 Z=48  CD-108    bl:26    ln:49   
    463) Area:1 Z=48  CD-109    bl:4     ln:8    
    464) Area:1 Z=48  CD-110    bl:76    ln:173  
    465) Area:1 Z=48  CD-111    bl:99    ln:223  
    466) Area:1 Z=48  CD-112    bl:79    ln:177  
    467) Area:1 Z=48  CD-113    bl:99    ln:191  
    468) Area:1 Z=48  CD-114    bl:106   ln:243  
    469) Area:1 Z=48  CD-115    bl:5     ln:8    
    470) Area:1 Z=48  CD-115-M1 bl:1     ln:1    
    471) Area:1 Z=48  CD-116    bl:70    ln:159  
    472) Area:1 Z=48  CD-120    bl:1     ln:2    
    473) Area:1 Z=48  CD-121    bl:1     ln:2    
    474) Area:1 Z=48  CD-122    bl:1     ln:2    
    475) Area:1 Z=48  CD-123    bl:1     ln:2    
    476) Area:1 Z=48  CD-124    bl:1     ln:2    
    477) Area:1 Z=48  CD-125    bl:1     ln:2    
    478) Area:1 Z=48  CD-126    bl:1     ln:2    
    479) Area:1 Z=48  CD-127    bl:1     ln:2    
    480) Area:1 Z=48  CD-128    bl:1     ln:2    
    481) Area:1 Z=48  CD-129    bl:1     ln:2    
    482) Area:1 Z=48  CD-130    bl:1     ln:2    
    483) Area:1 Z=48  CD-131    bl:1     ln:2    
    484) Area:1 Z=48  CD-132    bl:1     ln:2    
    485) Area:1 Z=48  CD-133    bl:1     ln:2    
    486) Area:1 Z=48  CD-134    bl:1     ln:2    
    487) Area:1 Z=48  CD-135    bl:1     ln:2    
    488) Area:1 Z=48  CD-136    bl:1     ln:2    
    489) Area:1 Z=48  CD-137    bl:1     ln:2    
    490) Area:1 Z=48  CD-138    bl:1     ln:2    
    491) Area:1 Z=48  CD-139    bl:1     ln:2    
    492) Area:1 Z=48  CD-140    bl:1     ln:2    
    493) Area:1 Z=48  CD-CMP    bl:1     ln:1    
    494) Area:1 Z=49  IN-0      bl:195   ln:488  
    495) Area:1 Z=49  IN-112    bl:2     ln:2    
    496) Area:1 Z=49  IN-113    bl:59    ln:145  
    497) Area:1 Z=49  IN-114    bl:3     ln:3    
    498) Area:1 Z=49  IN-115    bl:270   ln:598  
    499) Area:1 Z=49  IN-116    bl:2     ln:2    
    500) Area:1 Z=50  SN-0      bl:254   ln:646  
    501) Area:1 Z=50  SN-111    bl:2     ln:2    
    502) Area:1 Z=50  SN-112    bl:84    ln:201  
    503) Area:1 Z=50  SN-113    bl:5     ln:7    
    504) Area:1 Z=50  SN-114    bl:30    ln:70   
    505) Area:1 Z=50  SN-115    bl:27    ln:52   
    506) Area:1 Z=50  SN-116    bl:165   ln:469  
    507) Area:1 Z=50  SN-117    bl:83    ln:179  
    508) Area:1 Z=50  SN-118    bl:114   ln:306  
    509) Area:1 Z=50  SN-119    bl:63    ln:124  
    510) Area:1 Z=50  SN-120    bl:200   ln:566  
    511) Area:1 Z=50  SN-121    bl:2     ln:2    
    512) Area:1 Z=50  SN-122    bl:83    ln:234  
    513) Area:1 Z=50  SN-123    bl:4     ln:11   
    514) Area:1 Z=50  SN-124    bl:138   ln:375  
    515) Area:1 Z=50  SN-125    bl:5     ln:8    
    516) Area:1 Z=50  SN-126    bl:6     ln:12   
    517) Area:1 Z=50  SN-127    bl:2     ln:4    
    518) Area:1 Z=50  SN-128    bl:2     ln:5    
    519) Area:1 Z=50  SN-130    bl:7     ln:9    
    520) Area:1 Z=50  SN-131    bl:5     ln:5    
    521) Area:1 Z=50  SN-132    bl:3     ln:7    
    522) Area:1 Z=51  SB-0      bl:172   ln:464  
    523) Area:1 Z=51  SB-116    bl:1     ln:1    
    524) Area:1 Z=51  SB-117    bl:3     ln:3    
    525) Area:1 Z=51  SB-118    bl:1     ln:1    
    526) Area:1 Z=51  SB-119    bl:1     ln:1    
    527) Area:1 Z=51  SB-120    bl:2     ln:2    
    528) Area:1 Z=51  SB-121    bl:108   ln:221  
    529) Area:1 Z=51  SB-122    bl:4     ln:4    
    530) Area:1 Z=51  SB-123    bl:87    ln:172  
    531) Area:1 Z=51  SB-124    bl:10    ln:22   
    532) Area:1 Z=51  SB-125    bl:2     ln:5    
    533) Area:1 Z=51  SB-126    bl:3     ln:6    
    534) Area:1 Z=51  SB-127    bl:1     ln:1    
    535) Area:1 Z=52  TE-0      bl:81    ln:175  
    536) Area:1 Z=52  TE-120    bl:21    ln:52   
    537) Area:1 Z=52  TE-122    bl:42    ln:82   
    538) Area:1 Z=52  TE-123    bl:57    ln:109  
    539) Area:1 Z=52  TE-123-M1 bl:2     ln:4    
    540) Area:1 Z=52  TE-124    bl:55    ln:112  
    541) Area:1 Z=52  TE-125    bl:46    ln:95   
    542) Area:1 Z=52  TE-126    bl:72    ln:151  
    543) Area:1 Z=52  TE-127    bl:3     ln:6    
    544) Area:1 Z=52  TE-128    bl:74    ln:160  
    545) Area:1 Z=52  TE-129    bl:4     ln:7    
    546) Area:1 Z=52  TE-130    bl:89    ln:217  
    547) Area:1 Z=52  TE-131    bl:1     ln:1    
    548) Area:1 Z=52  TE-132    bl:5     ln:8    
    549) Area:1 Z=52  TE-CMP    bl:1     ln:2    
    550) Area:1 Z=53  I-0       bl:1     ln:1    
    551) Area:1 Z=53  I-125     bl:6     ln:10   
    552) Area:1 Z=53  I-126     bl:7     ln:19   
    553) Area:1 Z=53  I-127     bl:286   ln:605  
    554) Area:1 Z=53  I-128     bl:1     ln:1    
    555) Area:1 Z=53  I-129     bl:37    ln:72   
    556) Area:1 Z=53  I-130     bl:7     ln:15   
    557) Area:1 Z=53  I-131     bl:14    ln:26   
    558) Area:1 Z=53  I-133     bl:1     ln:1    
    559) Area:1 Z=53  I-135     bl:3     ln:6    
    560) Area:1 Z=53  I-CMP     bl:4     ln:10   
    561) Area:1 Z=54  XE-0      bl:32    ln:60   
    562) Area:1 Z=54  XE-121    bl:1     ln:1    
    563) Area:1 Z=54  XE-124    bl:27    ln:62   
    564) Area:1 Z=54  XE-125    bl:4     ln:9    
    565) Area:1 Z=54  XE-126    bl:16    ln:34   
    566) Area:1 Z=54  XE-127    bl:1     ln:2    
    567) Area:1 Z=54  XE-128    bl:22    ln:45   
    568) Area:1 Z=54  XE-129    bl:21    ln:36   
    569) Area:1 Z=54  XE-130    bl:28    ln:59   
    570) Area:1 Z=54  XE-131    bl:30    ln:51   
    571) Area:1 Z=54  XE-132    bl:34    ln:65   
    572) Area:1 Z=54  XE-133    bl:6     ln:11   
    573) Area:1 Z=54  XE-134    bl:34    ln:70   
    574) Area:1 Z=54  XE-135    bl:25    ln:53   
    575) Area:1 Z=54  XE-136    bl:54    ln:113  
    576) Area:1 Z=54  XE-137    bl:6     ln:6    
    577) Area:1 Z=54  XE-138    bl:9     ln:9    
    578) Area:1 Z=54  XE-139    bl:9     ln:9    
    579) Area:1 Z=55  CS-0      bl:1     ln:1    
    580) Area:1 Z=55  CS-132    bl:2     ln:3    
    581) Area:1 Z=55  CS-133    bl:182   ln:407  
    582) Area:1 Z=55  CS-134    bl:10    ln:18   
    583) Area:1 Z=55  CS-135    bl:21    ln:34   
    584) Area:1 Z=55  CS-136    bl:2     ln:5    
    585) Area:1 Z=55  CS-137    bl:15    ln:22   
    586) Area:1 Z=55  CS-CMP    bl:6     ln:15   
    587) Area:1 Z=56  BA-0      bl:81    ln:175  
    588) Area:1 Z=56  BA-130    bl:33    ln:80   
    589) Area:1 Z=56  BA-131    bl:1     ln:1    
    590) Area:1 Z=56  BA-132    bl:22    ln:37   
    591) Area:1 Z=56  BA-133    bl:3     ln:5    
    592) Area:1 Z=56  BA-134    bl:42    ln:91   
    593) Area:1 Z=56  BA-135    bl:37    ln:76   
    594) Area:1 Z=56  BA-136    bl:52    ln:108  
    595) Area:1 Z=56  BA-137    bl:38    ln:67   
    596) Area:1 Z=56  BA-138    bl:83    ln:178  
    597) Area:1 Z=56  BA-139    bl:4     ln:7    
    598) Area:1 Z=56  BA-140    bl:10    ln:20   
    599) Area:1 Z=56  BA-145    bl:5     ln:5    
    600) Area:1 Z=56  BA-146    bl:5     ln:5    
    601) Area:1 Z=56  BA-CMP    bl:3     ln:5    
    602) Area:1 Z=57  LA-0      bl:30    ln:65   
    603) Area:1 Z=57  LA-138    bl:22    ln:54   
    604) Area:1 Z=57  LA-139    bl:181   ln:427  
    605) Area:1 Z=57  LA-140    bl:13    ln:28   
    606) Area:1 Z=57  LA-CMP    bl:1     ln:1    
    607) Area:1 Z=57  LA-OXI    bl:2     ln:4    
    608) Area:1 Z=58  CE-0      bl:68    ln:165  
    609) Area:1 Z=58  CE-136    bl:21    ln:38   
    610) Area:1 Z=58  CE-137    bl:3     ln:3    
    611) Area:1 Z=58  CE-138    bl:22    ln:40   
    612) Area:1 Z=58  CE-139    bl:5     ln:6    
    613) Area:1 Z=58  CE-140    bl:112   ln:267  
    614) Area:1 Z=58  CE-141    bl:8     ln:17   
    615) Area:1 Z=58  CE-142    bl:84    ln:199  
    616) Area:1 Z=58  CE-143    bl:8     ln:13   
    617) Area:1 Z=58  CE-144    bl:10    ln:19   
    618) Area:1 Z=59  PR-0      bl:1     ln:1    
    619) Area:1 Z=59  PR-140    bl:1     ln:1    
    620) Area:1 Z=59  PR-141    bl:182   ln:423  
    621) Area:1 Z=59  PR-142    bl:9     ln:14   
    622) Area:1 Z=59  PR-143    bl:11    ln:22   
    623) Area:1 Z=59  PR-145    bl:1     ln:1    
    624) Area:1 Z=59  PR-CMP    bl:1     ln:1    
    625) Area:1 Z=60  ND-0      bl:63    ln:148  
    626) Area:1 Z=60  ND-141    bl:1     ln:1    
    627) Area:1 Z=60  ND-142    bl:73    ln:144  
    628) Area:1 Z=60  ND-143    bl:75    ln:134  
    629) Area:1 Z=60  ND-144    bl:70    ln:161  
    630) Area:1 Z=60  ND-145    bl:66    ln:134  
    631) Area:1 Z=60  ND-146    bl:72    ln:160  
    632) Area:1 Z=60  ND-147    bl:15    ln:21   
    633) Area:1 Z=60  ND-148    bl:64    ln:143  
    634) Area:1 Z=60  ND-150    bl:60    ln:126  
    635) Area:1 Z=60  ND-CMP    bl:1     ln:2    
    636) Area:1 Z=61  PM-0      bl:1     ln:1    
    637) Area:1 Z=61  PM-145    bl:2     ln:2    
    638) Area:1 Z=61  PM-146    bl:2     ln:5    
    639) Area:1 Z=61  PM-147    bl:63    ln:155  
    640) Area:1 Z=61  PM-148    bl:18    ln:46   
    641) Area:1 Z=61  PM-148-M1 bl:13    ln:27   
    642) Area:1 Z=61  PM-149    bl:4     ln:9    
    643) Area:1 Z=61  PM-151    bl:5     ln:10   
    644) Area:1 Z=62  SM-0      bl:80    ln:203  
    645) Area:1 Z=62  SM-143    bl:1     ln:1    
    646) Area:1 Z=62  SM-144    bl:67    ln:155  
    647) Area:1 Z=62  SM-145    bl:7     ln:12   
    648) Area:1 Z=62  SM-146    bl:2     ln:6    
    649) Area:1 Z=62  SM-147    bl:79    ln:185  
    650) Area:1 Z=62  SM-148    bl:50    ln:109  
    651) Area:1 Z=62  SM-149    bl:102   ln:244  
    652) Area:1 Z=62  SM-150    bl:80    ln:183  
    653) Area:1 Z=62  SM-151    bl:42    ln:78   
    654) Area:1 Z=62  SM-152    bl:129   ln:317  
    655) Area:1 Z=62  SM-153    bl:6     ln:12   
    656) Area:1 Z=62  SM-154    bl:95    ln:252  
    657) Area:1 Z=62  SM-155    bl:2     ln:3    
    658) Area:1 Z=62  SM-156    bl:1     ln:1    
    659) Area:1 Z=62  SM-CMP    bl:2     ln:2    
    660) Area:1 Z=63  EU-0      bl:72    ln:141  
    661) Area:1 Z=63  EU-148    bl:1     ln:1    
    662) Area:1 Z=63  EU-149    bl:1     ln:1    
    663) Area:1 Z=63  EU-150    bl:1     ln:1    
    664) Area:1 Z=63  EU-151    bl:137   ln:322  
    665) Area:1 Z=63  EU-152    bl:14    ln:23   
    666) Area:1 Z=63  EU-152-M1 bl:1     ln:2    
    667) Area:1 Z=63  EU-153    bl:118   ln:270  
    668) Area:1 Z=63  EU-154    bl:19    ln:28   
    669) Area:1 Z=63  EU-155    bl:14    ln:20   
    670) Area:1 Z=63  EU-156    bl:2     ln:5    
    671) Area:1 Z=63  EU-157    bl:3     ln:6    
    672) Area:1 Z=64  GD-0      bl:108   ln:278  
    673) Area:1 Z=64  GD-148    bl:11    ln:22   
    674) Area:1 Z=64  GD-150    bl:2     ln:2    
    675) Area:1 Z=64  GD-152    bl:34    ln:70   
    676) Area:1 Z=64  GD-153    bl:7     ln:9    
    677) Area:1 Z=64  GD-154    bl:65    ln:150  
    678) Area:1 Z=64  GD-155    bl:94    ln:219  
    679) Area:1 Z=64  GD-156    bl:68    ln:137  
    680) Area:1 Z=64  GD-157    bl:102   ln:242  
    681) Area:1 Z=64  GD-158    bl:85    ln:191  
    682) Area:1 Z=64  GD-159    bl:4     ln:5    
    683) Area:1 Z=64  GD-160    bl:84    ln:189  
    684) Area:1 Z=64  GD-161    bl:3     ln:4    
    685) Area:1 Z=65  TB-0      bl:1     ln:1    
    686) Area:1 Z=65  TB-159    bl:140   ln:312  
    687) Area:1 Z=65  TB-160    bl:7     ln:12   
    688) Area:1 Z=65  TB-161    bl:1     ln:1    
    689) Area:1 Z=65  TB-CMP    bl:4     ln:4    
    690) Area:1 Z=66  DY-0      bl:65    ln:130  
    691) Area:1 Z=66  DY-156    bl:19    ln:27   
    692) Area:1 Z=66  DY-157    bl:1     ln:1    
    693) Area:1 Z=66  DY-158    bl:19    ln:25   
    694) Area:1 Z=66  DY-159    bl:2     ln:3    
    695) Area:1 Z=66  DY-160    bl:53    ln:100  
    696) Area:1 Z=66  DY-161    bl:68    ln:150  
    697) Area:1 Z=66  DY-162    bl:92    ln:190  
    698) Area:1 Z=66  DY-163    bl:78    ln:181  
    699) Area:1 Z=66  DY-164    bl:95    ln:218  
    700) Area:1 Z=66  DY-165    bl:3     ln:5    
    701) Area:1 Z=66  DY-165-M1 bl:2     ln:4    
    702) Area:1 Z=66  DY-CMP    bl:1     ln:1    
    703) Area:1 Z=67  HO-0      bl:1     ln:1    
    704) Area:1 Z=67  HO-165    bl:217   ln:544  
    705) Area:1 Z=67  HO-166    bl:6     ln:7    
    706) Area:1 Z=67  HO-166-M1 bl:4     ln:7    
    707) Area:1 Z=67  HO-167    bl:1     ln:1    
    708) Area:1 Z=68  ER-0      bl:86    ln:184  
    709) Area:1 Z=68  ER-162    bl:17    ln:28   
    710) Area:1 Z=68  ER-163    bl:1     ln:1    
    711) Area:1 Z=68  ER-164    bl:27    ln:61   
    712) Area:1 Z=68  ER-165    bl:1     ln:1    
    713) Area:1 Z=68  ER-166    bl:52    ln:129  
    714) Area:1 Z=68  ER-167    bl:77    ln:190  
    715) Area:1 Z=68  ER-168    bl:50    ln:126  
    716) Area:1 Z=68  ER-169    bl:2     ln:2    
    717) Area:1 Z=68  ER-170    bl:40    ln:94   
    718) Area:1 Z=68  ER-171    bl:2     ln:3    
    719) Area:1 Z=69  TM-0      bl:1     ln:1    
    720) Area:1 Z=69  TM-167    bl:1     ln:1    
    721) Area:1 Z=69  TM-168    bl:4     ln:4    
    722) Area:1 Z=69  TM-169    bl:158   ln:393  
    723) Area:1 Z=69  TM-170    bl:14    ln:27   
    724) Area:1 Z=69  TM-171    bl:12    ln:26   
    725) Area:1 Z=70  YB-0      bl:49    ln:98   
    726) Area:1 Z=70  YB-168    bl:25    ln:52   
    727) Area:1 Z=70  YB-169    bl:4     ln:7    
    728) Area:1 Z=70  YB-170    bl:35    ln:79   
    729) Area:1 Z=70  YB-171    bl:52    ln:119  
    730) Area:1 Z=70  YB-172    bl:44    ln:104  
    731) Area:1 Z=70  YB-173    bl:57    ln:132  
    732) Area:1 Z=70  YB-174    bl:48    ln:107  
    733) Area:1 Z=70  YB-175    bl:1     ln:1    
    734) Area:1 Z=70  YB-176    bl:49    ln:122  
    735) Area:1 Z=70  YB-177    bl:1     ln:1    
    736) Area:1 Z=70  YB-CMP    bl:2     ln:2    
    737) Area:1 Z=71  LU-0      bl:47    ln:99   
    738) Area:1 Z=71  LU-173    bl:1     ln:1    
    739) Area:1 Z=71  LU-175    bl:81    ln:219  
    740) Area:1 Z=71  LU-176    bl:68    ln:131  
    741) Area:1 Z=71  LU-177    bl:3     ln:4    
    742) Area:1 Z=71  LU-177-M1 bl:1     ln:2    
    743) Area:1 Z=72  HF-0      bl:97    ln:259  
    744) Area:1 Z=72  HF-174    bl:29    ln:63   
    745) Area:1 Z=72  HF-175    bl:1     ln:1    
    746) Area:1 Z=72  HF-176    bl:55    ln:130  
    747) Area:1 Z=72  HF-177    bl:98    ln:232  
    748) Area:1 Z=72  HF-178    bl:77    ln:197  
    749) Area:1 Z=72  HF-178-M2 bl:2     ln:4    
    750) Area:1 Z=72  HF-179    bl:76    ln:177  
    751) Area:1 Z=72  HF-180    bl:78    ln:198  
    752) Area:1 Z=72  HF-180-M1 bl:1     ln:2    
    753) Area:1 Z=72  HF-181    bl:4     ln:6    
    754) Area:1 Z=73  TA-0      bl:115   ln:333  
    755) Area:1 Z=73  TA-179    bl:2     ln:4    
    756) Area:1 Z=73  TA-180    bl:17    ln:25   
    757) Area:1 Z=73  TA-180-M1 bl:14    ln:39   
    758) Area:1 Z=73  TA-181    bl:438   ln:1076 
    759) Area:1 Z=73  TA-182    bl:20    ln:46   
    760) Area:1 Z=74  W-0       bl:261   ln:641  
    761) Area:1 Z=74  W-180     bl:21    ln:43   
    762) Area:1 Z=74  W-181     bl:2     ln:2    
    763) Area:1 Z=74  W-182     bl:161   ln:439  
    764) Area:1 Z=74  W-183     bl:125   ln:297  
    765) Area:1 Z=74  W-184     bl:204   ln:487  
    766) Area:1 Z=74  W-185     bl:4     ln:6    
    767) Area:1 Z=74  W-186     bl:227   ln:586  
    768) Area:1 Z=74  W-187     bl:12    ln:18   
    769) Area:1 Z=74  W-CMP     bl:1     ln:3    
    770) Area:1 Z=74  W-OXI     bl:1     ln:2    
    771) Area:1 Z=75  RE-0      bl:72    ln:186  
    772) Area:1 Z=75  RE-184    bl:2     ln:4    
    773) Area:1 Z=75  RE-185    bl:88    ln:210  
    774) Area:1 Z=75  RE-186    bl:2     ln:2    
    775) Area:1 Z=75  RE-187    bl:103   ln:229  
    776) Area:1 Z=75  RE-188    bl:4     ln:5    
    777) Area:1 Z=76  OS-0      bl:45    ln:110  
    778) Area:1 Z=76  OS-184    bl:10    ln:16   
    779) Area:1 Z=76  OS-186    bl:35    ln:100  
    780) Area:1 Z=76  OS-187    bl:49    ln:150  
    781) Area:1 Z=76  OS-188    bl:52    ln:126  
    782) Area:1 Z=76  OS-189    bl:64    ln:157  
    783) Area:1 Z=76  OS-190    bl:54    ln:141  
    784) Area:1 Z=76  OS-191    bl:3     ln:6    
    785) Area:1 Z=76  OS-192    bl:60    ln:165  
    786) Area:1 Z=76  OS-193    bl:2     ln:4    
    787) Area:1 Z=76  OS-194    bl:1     ln:1    
    788) Area:1 Z=77  IR-0      bl:65    ln:134  
    789) Area:1 Z=77  IR-191    bl:78    ln:176  
    790) Area:1 Z=77  IR-192    bl:5     ln:7    
    791) Area:1 Z=77  IR-193    bl:68    ln:145  
    792) Area:1 Z=77  IR-194    bl:3     ln:4    
    793) Area:1 Z=77  IR-195    bl:1     ln:1    
    794) Area:1 Z=78  PT-0      bl:98    ln:242  
    795) Area:1 Z=78  PT-190    bl:12    ln:19   
    796) Area:1 Z=78  PT-192    bl:21    ln:38   
    797) Area:1 Z=78  PT-193    bl:2     ln:2    
    798) Area:1 Z=78  PT-194    bl:54    ln:130  
    799) Area:1 Z=78  PT-195    bl:54    ln:114  
    800) Area:1 Z=78  PT-196    bl:74    ln:154  
    801) Area:1 Z=78  PT-198    bl:59    ln:125  
    802) Area:1 Z=78  PT-199    bl:2     ln:3    
    803) Area:1 Z=79  AU-0      bl:1     ln:1    
    804) Area:1 Z=79  AU-196    bl:1     ln:1    
    805) Area:1 Z=79  AU-197    bl:744   ln:1898 
    806) Area:1 Z=79  AU-198    bl:11    ln:25   
    807) Area:1 Z=79  AU-199    bl:2     ln:3    
    808) Area:1 Z=80  HG-0      bl:126   ln:289  
    809) Area:1 Z=80  HG-194    bl:2     ln:6    
    810) Area:1 Z=80  HG-196    bl:30    ln:57   
    811) Area:1 Z=80  HG-197    bl:1     ln:1    
    812) Area:1 Z=80  HG-198    bl:47    ln:102  
    813) Area:1 Z=80  HG-199    bl:64    ln:153  
    814) Area:1 Z=80  HG-200    bl:38    ln:77   
    815) Area:1 Z=80  HG-201    bl:39    ln:79   
    816) Area:1 Z=80  HG-202    bl:45    ln:97   
    817) Area:1 Z=80  HG-203    bl:1     ln:1    
    818) Area:1 Z=80  HG-204    bl:25    ln:57   
    819) Area:1 Z=80  HG-206    bl:1     ln:2    
    820) Area:1 Z=80  HG-CMP    bl:1     ln:1    
    821) Area:1 Z=81  TL-0      bl:89    ln:232  
    822) Area:1 Z=81  TL-202    bl:2     ln:2    
    823) Area:1 Z=81  TL-203    bl:105   ln:248  
    824) Area:1 Z=81  TL-204    bl:12    ln:23   
    825) Area:1 Z=81  TL-205    bl:79    ln:218  
    826) Area:1 Z=81  TL-206    bl:1     ln:1    
    827) Area:1 Z=82  PB-0      bl:559   ln:1336 
    828) Area:1 Z=82  PB-203    bl:1     ln:1    
    829) Area:1 Z=82  PB-204    bl:90    ln:263  
    830) Area:1 Z=82  PB-205    bl:4     ln:5    
    831) Area:1 Z=82  PB-206    bl:233   ln:607  
    832) Area:1 Z=82  PB-207    bl:175   ln:485  
    833) Area:1 Z=82  PB-208    bl:557   ln:1355 
    834) Area:1 Z=82  PB-209    bl:2     ln:2    
    835) Area:1 Z=82  PB-210    bl:1     ln:2    
    836) Area:1 Z=82  PB-CMP    bl:2     ln:2    
    837) Area:1 Z=83  BI-0      bl:1     ln:1    
    838) Area:1 Z=83  BI-204    bl:1     ln:1    
    839) Area:1 Z=83  BI-205    bl:1     ln:1    
    840) Area:1 Z=83  BI-206    bl:2     ln:2    
    841) Area:1 Z=83  BI-207    bl:1     ln:1    
    842) Area:1 Z=83  BI-208    bl:4     ln:4    
    843) Area:1 Z=83  BI-209    bl:651   ln:1620 
    844) Area:1 Z=83  BI-210    bl:7     ln:9    
    845) Area:1 Z=83  BI-210-M1 bl:5     ln:10   
    846) Area:1 Z=84  PO-0      bl:1     ln:1    
    847) Area:1 Z=84  PO-210    bl:11    ln:15   
    848) Area:1 Z=85  AT-0      bl:1     ln:1    
    849) Area:1 Z=85  AT-212    bl:2     ln:2    
    850) Area:1 Z=86  RN-0      bl:1     ln:1    
    851) Area:1 Z=86  RN-220    bl:1     ln:2    
    852) Area:1 Z=86  RN-222    bl:3     ln:5    
    853) Area:1 Z=87  FR-0      bl:1     ln:1    
    854) Area:1 Z=88  RA-0      bl:1     ln:1    
    855) Area:1 Z=88  RA-214    bl:1     ln:2    
    856) Area:1 Z=88  RA-223    bl:4     ln:9    
    857) Area:1 Z=88  RA-224    bl:1     ln:2    
    858) Area:1 Z=88  RA-225    bl:1     ln:3    
    859) Area:1 Z=88  RA-226    bl:48    ln:102  
    860) Area:1 Z=88  RA-228    bl:4     ln:9    
    861) Area:1 Z=89  AC-0      bl:1     ln:1    
    862) Area:1 Z=89  AC-227    bl:10    ln:22   
    863) Area:1 Z=90  TH-0      bl:1     ln:1    
    864) Area:1 Z=90  TH-226    bl:1     ln:1    
    865) Area:1 Z=90  TH-227    bl:10    ln:13   
    866) Area:1 Z=90  TH-228    bl:9     ln:21   
    867) Area:1 Z=90  TH-229    bl:55    ln:120  
    868) Area:1 Z=90  TH-230    bl:76    ln:172  
    869) Area:1 Z=90  TH-231    bl:10    ln:16   
    870) Area:1 Z=90  TH-232    bl:836   ln:2238 
    871) Area:1 Z=90  TH-233    bl:20    ln:37   
    872) Area:1 Z=90  TH-234    bl:5     ln:7    
    873) Area:1 Z=90  TH-236    bl:1     ln:1    
    874) Area:1 Z=90  TH-CMP    bl:1     ln:3    
    875) Area:1 Z=91  PA-0      bl:1     ln:1    
    876) Area:1 Z=91  PA-229    bl:2     ln:6    
    877) Area:1 Z=91  PA-230    bl:5     ln:11   
    878) Area:1 Z=91  PA-231    bl:70    ln:178  
    879) Area:1 Z=91  PA-232    bl:17    ln:37   
    880) Area:1 Z=91  PA-233    bl:45    ln:120  
    881) Area:1 Z=91  PA-234    bl:3     ln:4    
    882) Area:1 Z=91  PA-234-M1 bl:1     ln:2    
    883) Area:1 Z=91  PA-235    bl:1     ln:1    
    884) Area:1 Z=91  PA-236    bl:1     ln:1    
    885) Area:1 Z=91  PA-237    bl:1     ln:1    
    886) Area:1 Z=91  PA-238    bl:2     ln:2    
    887) Area:1 Z=91  PA-239    bl:2     ln:2    
    888) Area:1 Z=91  PA-240    bl:2     ln:2    
    889) Area:1 Z=91  PA-241    bl:2     ln:2    
    890) Area:1 Z=91  PA-242    bl:2     ln:2    
    891) Area:1 Z=91  PA-243    bl:2     ln:2    
    892) Area:1 Z=91  PA-244    bl:2     ln:2    
    893) Area:1 Z=91  PA-245    bl:2     ln:2    
    894) Area:1 Z=91  PA-246    bl:2     ln:2    
    895) Area:1 Z=91  PA-247    bl:2     ln:2    
    896) Area:1 Z=91  PA-248    bl:2     ln:2    
    897) Area:1 Z=91  PA-249    bl:2     ln:2    
    898) Area:1 Z=91  PA-250    bl:2     ln:2    
    899) Area:1 Z=91  PA-251    bl:2     ln:2    
    900) Area:1 Z=91  PA-252    bl:2     ln:2    
    901) Area:1 Z=91  PA-253    bl:2     ln:2    
    902) Area:1 Z=91  PA-254    bl:2     ln:2    
    903) Area:1 Z=91  PA-255    bl:2     ln:2    
    904) Area:1 Z=91  PA-256    bl:2     ln:2    
    905) Area:1 Z=91  PA-257    bl:2     ln:2    
    906) Area:1 Z=91  PA-258    bl:1     ln:1    
    907) Area:1 Z=91  PA-259    bl:1     ln:1    
    908) Area:1 Z=91  PA-260    bl:1     ln:1    
    909) Area:1 Z=91  PA-261    bl:1     ln:1    
    910) Area:1 Z=91  PA-262    bl:1     ln:1    
    911) Area:1 Z=91  PA-263    bl:1     ln:1    
    912) Area:1 Z=91  PA-264    bl:1     ln:1    
    913) Area:1 Z=92  U-0       bl:255   ln:547  
    914) Area:1 Z=92  U-230     bl:5     ln:12   
    915) Area:1 Z=92  U-231     bl:4     ln:12   
    916) Area:1 Z=92  U-232     bl:58    ln:133  
    917) Area:1 Z=92  U-233     bl:819   ln:1943 
    918) Area:1 Z=92  U-234     bl:202   ln:403  
    919) Area:1 Z=92  U-235     bl:2059  ln:5026 
    920) Area:1 Z=92  U-235-M1  bl:2     ln:3    
    921) Area:1 Z=92  U-236     bl:268   ln:565  
    922) Area:1 Z=92  U-236-L   bl:2     ln:4    
    923) Area:1 Z=92  U-237     bl:54    ln:84   
    924) Area:1 Z=92  U-238     bl:1494  ln:3760 
    925) Area:1 Z=92  U-239     bl:33    ln:55   
    926) Area:1 Z=92  U-240     bl:13    ln:15   
    927) Area:1 Z=92  U-241     bl:6     ln:6    
    928) Area:1 Z=92  U-242     bl:6     ln:6    
    929) Area:1 Z=92  U-243     bl:6     ln:6    
    930) Area:1 Z=92  U-244     bl:6     ln:6    
    931) Area:1 Z=92  U-245     bl:6     ln:6    
    932) Area:1 Z=92  U-246     bl:6     ln:6    
    933) Area:1 Z=92  U-247     bl:6     ln:6    
    934) Area:1 Z=92  U-248     bl:6     ln:6    
    935) Area:1 Z=92  U-249     bl:7     ln:7    
    936) Area:1 Z=92  U-250     bl:5     ln:5    
    937) Area:1 Z=92  U-251     bl:6     ln:6    
    938) Area:1 Z=92  U-252     bl:5     ln:5    
    939) Area:1 Z=92  U-253     bl:5     ln:5    
    940) Area:1 Z=92  U-254     bl:4     ln:4    
    941) Area:1 Z=92  U-255     bl:4     ln:4    
    942) Area:1 Z=92  U-256     bl:4     ln:4    
    943) Area:1 Z=92  U-257     bl:4     ln:4    
    944) Area:1 Z=92  U-258     bl:1     ln:1    
    945) Area:1 Z=92  U-259     bl:1     ln:1    
    946) Area:1 Z=92  U-260     bl:1     ln:1    
    947) Area:1 Z=92  U-261     bl:1     ln:1    
    948) Area:1 Z=92  U-262     bl:1     ln:1    
    949) Area:1 Z=92  U-263     bl:1     ln:1    
    950) Area:1 Z=92  U-264     bl:1     ln:1    
    951) Area:1 Z=92  U-CMP     bl:15    ln:31   
    952) Area:1 Z=92  U-OXI     bl:29    ln:57   
    953) Area:1 Z=93  NP-0      bl:1     ln:1    
    954) Area:1 Z=93  NP-231    bl:1     ln:1    
    955) Area:1 Z=93  NP-232    bl:3     ln:6    
    956) Area:1 Z=93  NP-233    bl:3     ln:9    
    957) Area:1 Z=93  NP-234    bl:6     ln:13   
    958) Area:1 Z=93  NP-235    bl:6     ln:14   
    959) Area:1 Z=93  NP-236    bl:26    ln:57   
    960) Area:1 Z=93  NP-237    bl:326   ln:794  
    961) Area:1 Z=93  NP-238    bl:36    ln:63   
    962) Area:1 Z=93  NP-239    bl:21    ln:31   
    963) Area:1 Z=93  NP-240    bl:4     ln:4    
    964) Area:1 Z=93  NP-241    bl:3     ln:3    
    965) Area:1 Z=93  NP-242    bl:4     ln:4    
    966) Area:1 Z=93  NP-243    bl:2     ln:2    
    967) Area:1 Z=93  NP-244    bl:2     ln:2    
    968) Area:1 Z=93  NP-245    bl:1     ln:1    
    969) Area:1 Z=93  NP-246    bl:2     ln:2    
    970) Area:1 Z=93  NP-247    bl:2     ln:2    
    971) Area:1 Z=93  NP-248    bl:2     ln:2    
    972) Area:1 Z=93  NP-249    bl:2     ln:2    
    973) Area:1 Z=93  NP-250    bl:2     ln:2    
    974) Area:1 Z=93  NP-251    bl:2     ln:2    
    975) Area:1 Z=93  NP-252    bl:2     ln:2    
    976) Area:1 Z=93  NP-253    bl:2     ln:2    
    977) Area:1 Z=93  NP-254    bl:2     ln:2    
    978) Area:1 Z=93  NP-255    bl:2     ln:2    
    979) Area:1 Z=93  NP-256    bl:2     ln:2    
    980) Area:1 Z=93  NP-257    bl:2     ln:2    
    981) Area:1 Z=93  NP-258    bl:1     ln:1    
    982) Area:1 Z=93  NP-259    bl:1     ln:1    
    983) Area:1 Z=93  NP-260    bl:1     ln:1    
    984) Area:1 Z=93  NP-261    bl:1     ln:1    
    985) Area:1 Z=93  NP-262    bl:1     ln:1    
    986) Area:1 Z=93  NP-263    bl:1     ln:1    
    987) Area:1 Z=93  NP-264    bl:1     ln:1    
    988) Area:1 Z=94  PU-0      bl:1     ln:1    
    989) Area:1 Z=94  PU-234    bl:1     ln:1    
    990) Area:1 Z=94  PU-235    bl:1     ln:2    
    991) Area:1 Z=94  PU-236    bl:28    ln:52   
    992) Area:1 Z=94  PU-237    bl:16    ln:33   
    993) Area:1 Z=94  PU-238    bl:133   ln:327  
    994) Area:1 Z=94  PU-239    bl:1176  ln:2772 
    995) Area:1 Z=94  PU-240    bl:372   ln:864  
    996) Area:1 Z=94  PU-241    bl:342   ln:789  
    997) Area:1 Z=94  PU-242    bl:245   ln:577  
    998) Area:1 Z=94  PU-243    bl:29    ln:51   
    999) Area:1 Z=94  PU-244    bl:62    ln:141  
   1000) Area:1 Z=94  PU-245    bl:11    ln:18   
   1001) Area:1 Z=94  PU-246    bl:2     ln:3    
   1002) Area:1 Z=94  PU-247    bl:4     ln:5    
   1003) Area:1 Z=94  PU-248    bl:1     ln:1    
   1004) Area:1 Z=94  PU-249    bl:4     ln:4    
   1005) Area:1 Z=94  PU-251    bl:3     ln:3    
   1006) Area:1 Z=94  PU-253    bl:3     ln:3    
   1007) Area:1 Z=94  PU-CMP    bl:3     ln:5    
   1008) Area:1 Z=95  AM-0      bl:1     ln:1    
   1009) Area:1 Z=95  AM-232    bl:1     ln:2    
   1010) Area:1 Z=95  AM-238    bl:2     ln:6    
   1011) Area:1 Z=95  AM-239    bl:4     ln:12   
   1012) Area:1 Z=95  AM-240    bl:5     ln:10   
   1013) Area:1 Z=95  AM-241    bl:167   ln:384  
   1014) Area:1 Z=95  AM-242    bl:77    ln:169  
   1015) Area:1 Z=95  AM-242-L  bl:3     ln:10   
   1016) Area:1 Z=95  AM-242-M1 bl:49    ln:124  
   1017) Area:1 Z=95  AM-243    bl:121   ln:247  
   1018) Area:1 Z=95  AM-244    bl:8     ln:13   
   1019) Area:1 Z=95  AM-244-M1 bl:2     ln:4    
   1020) Area:1 Z=95  AM-245    bl:1     ln:1    
   1021) Area:1 Z=95  AM-246    bl:1     ln:1    
   1022) Area:1 Z=95  AM-248    bl:1     ln:1    
   1023) Area:1 Z=95  AM-250    bl:1     ln:1    
   1024) Area:1 Z=96  CM-0      bl:1     ln:1    
   1025) Area:1 Z=96  CM-238    bl:2     ln:2    
   1026) Area:1 Z=96  CM-240    bl:6     ln:10   
   1027) Area:1 Z=96  CM-241    bl:7     ln:15   
   1028) Area:1 Z=96  CM-242    bl:53    ln:101  
   1029) Area:1 Z=96  CM-243    bl:52    ln:130  
   1030) Area:1 Z=96  CM-244    bl:125   ln:280  
   1031) Area:1 Z=96  CM-245    bl:127   ln:277  
   1032) Area:1 Z=96  CM-246    bl:100   ln:249  
   1033) Area:1 Z=96  CM-247    bl:63    ln:127  
   1034) Area:1 Z=96  CM-248    bl:120   ln:294  
   1035) Area:1 Z=96  CM-249    bl:7     ln:10   
   1036) Area:1 Z=96  CM-250    bl:16    ln:30   
   1037) Area:1 Z=96  CM-251    bl:3     ln:5    
   1038) Area:1 Z=97  BK-0      bl:1     ln:1    
   1039) Area:1 Z=97  BK-244    bl:2     ln:6    
   1040) Area:1 Z=97  BK-245    bl:2     ln:6    
   1041) Area:1 Z=97  BK-246    bl:2     ln:7    
   1042) Area:1 Z=97  BK-247    bl:2     ln:7    
   1043) Area:1 Z=97  BK-248    bl:2     ln:5    
   1044) Area:1 Z=97  BK-249    bl:51    ln:107  
   1045) Area:1 Z=97  BK-250    bl:5     ln:10   
   1046) Area:1 Z=97  BK-252    bl:1     ln:1    
   1047) Area:1 Z=98  CF-0      bl:1     ln:1    
   1048) Area:1 Z=98  CF-246    bl:9     ln:13   
   1049) Area:1 Z=98  CF-248    bl:5     ln:6    
   1050) Area:1 Z=98  CF-249    bl:109   ln:280  
   1051) Area:1 Z=98  CF-250    bl:73    ln:141  
   1052) Area:1 Z=98  CF-251    bl:59    ln:104  
   1053) Area:1 Z=98  CF-252    bl:450   ln:1033 
   1054) Area:1 Z=98  CF-253    bl:25    ln:39   
   1055) Area:1 Z=98  CF-254    bl:43    ln:65   
   1056) Area:1 Z=98  CF-256    bl:10    ln:16   
   1057) Area:1 Z=99  ES-0      bl:1     ln:1    
   1058) Area:1 Z=99  ES-248    bl:1     ln:4    
   1059) Area:1 Z=99  ES-249    bl:2     ln:7    
   1060) Area:1 Z=99  ES-250    bl:2     ln:7    
   1061) Area:1 Z=99  ES-251    bl:1     ln:1    
   1062) Area:1 Z=99  ES-252    bl:1     ln:1    
   1063) Area:1 Z=99  ES-253    bl:42    ln:74   
   1064) Area:1 Z=99  ES-254    bl:45    ln:94   
   1065) Area:1 Z=99  ES-254-M1 bl:3     ln:6    
   1066) Area:1 Z=99  ES-255    bl:7     ln:9    
   1067) Area:1 Z=99  ES-256    bl:1     ln:1    
   1068) Area:1 Z=100 FM-0      bl:1     ln:1    
   1069) Area:1 Z=100 FM-244    bl:2     ln:3    
   1070) Area:1 Z=100 FM-246    bl:7     ln:10   
   1071) Area:1 Z=100 FM-248    bl:6     ln:8    
   1072) Area:1 Z=100 FM-250    bl:1     ln:1    
   1073) Area:1 Z=100 FM-252    bl:3     ln:3    
   1074) Area:1 Z=100 FM-254    bl:36    ln:54   
   1075) Area:1 Z=100 FM-255    bl:25    ln:50   
   1076) Area:1 Z=100 FM-256    bl:37    ln:59   
   1077) Area:1 Z=100 FM-257    bl:36    ln:80   
   1078) Area:1 Z=100 FM-258    bl:17    ln:35   
   1079) Area:1 Z=100 FM-259    bl:11    ln:19   
   1080) Area:1 Z=100 FM-264    bl:1     ln:1    
   1081) Area:1 Z=101 MD-259    bl:11    ln:29   
   1082) Area:1 Z=101 MD-260    bl:11    ln:26   
   1083) Area:1 Z=102 NO-252    bl:9     ln:16   
   1084) Area:1 Z=102 NO-254    bl:1     ln:3    
   1085) Area:1 Z=102 NO-256    bl:4     ln:11   
   1086) Area:1 Z=102 NO-258    bl:5     ln:15   
   1087) Area:1 Z=102 NO-259    bl:1     ln:1    
   1088) Area:1 Z=102 NO-262    bl:5     ln:13   
   1089) Area:1 Z=103 LR-259    bl:2     ln:6    
   1090) Area:1 Z=103 LR-261    bl:1     ln:2    
   1091) Area:1 Z=104 RF-256    bl:1     ln:3    
   1092) Area:1 Z=104 RF-258    bl:1     ln:3    
   1093) Area:1 Z=104 RF-260    bl:5     ln:15   
   1094) Area:1 Z=104 RF-262    bl:1     ln:2    
   1095) Area:1 Z=105 DB-262    bl:3     ln:6    
   1096) Area:1 Z=999 FPROD     bl:39    ln:54   
   1097) Area:1 Z=999 MANY      bl:473   ln:550  
