CINDA BACKUP   BCK00120140625  95812  41476
      1) Area:1 Z=0   NN-1      bl:4     ln:6    
      2) Area:1 Z=1   H-0       bl:2     ln:3    
      3) Area:1 Z=1   H-1       bl:427   ln:981  
      4) Area:1 Z=1   H-2       bl:323   ln:707  
      5) Area:1 Z=1   H-3       bl:72    ln:158  
      6) Area:1 Z=1   H-BNZ     bl:17    ln:23   
      7) Area:1 Z=1   H-CMP     bl:8     ln:9    
      8) Area:1 Z=1   H-CXX     bl:44    ln:53   
      9) Area:1 Z=1   H-D2O     bl:40    ln:74   
     10) Area:1 Z=1   H-DXX     bl:5     ln:6    
     11) Area:1 Z=1   H-MTH     bl:29    ln:48   
     12) Area:1 Z=1   H-PFN     bl:11    ln:12   
     13) Area:1 Z=1   H-PHL     bl:6     ln:8    
     14) Area:1 Z=1   H-PLE     bl:43    ln:73   
     15) Area:1 Z=1   H-WTR     bl:94    ln:183  
     16) Area:1 Z=2   HE-0      bl:2     ln:3    
     17) Area:1 Z=2   HE-3      bl:136   ln:299  
     18) Area:1 Z=2   HE-4      bl:137   ln:298  
     19) Area:1 Z=3   LI-0      bl:63    ln:121  
     20) Area:1 Z=3   LI-6      bl:314   ln:951  
     21) Area:1 Z=3   LI-7      bl:235   ln:694  
     22) Area:1 Z=3   LI-8      bl:3     ln:5    
     23) Area:1 Z=3   LI-CMP    bl:3     ln:3    
     24) Area:1 Z=4   BE-0      bl:1     ln:1    
     25) Area:1 Z=4   BE-10     bl:5     ln:5    
     26) Area:1 Z=4   BE-7      bl:17    ln:42   
     27) Area:1 Z=4   BE-9      bl:358   ln:921  
     28) Area:1 Z=4   BE-OXI    bl:16    ln:24   
     29) Area:1 Z=5   B-0       bl:90    ln:176  
     30) Area:1 Z=5   B-10      bl:239   ln:687  
     31) Area:1 Z=5   B-11      bl:133   ln:369  
     32) Area:1 Z=5   B-CMP     bl:6     ln:11   
     33) Area:1 Z=6   C-0       bl:17    ln:72   
     34) Area:1 Z=6   C-11      bl:10    ln:10   
     35) Area:1 Z=6   C-12      bl:734   ln:1876 
     36) Area:1 Z=6   C-13      bl:87    ln:279  
     37) Area:1 Z=6   C-14      bl:12    ln:17   
     38) Area:1 Z=6   C-CMP     bl:6     ln:7    
     39) Area:1 Z=7   N-0       bl:5     ln:29   
     40) Area:1 Z=7   N-13      bl:7     ln:7    
     41) Area:1 Z=7   N-14      bl:353   ln:851  
     42) Area:1 Z=7   N-15      bl:47    ln:78   
     43) Area:1 Z=7   N-16      bl:2     ln:2    
     44) Area:1 Z=7   N-AIR     bl:4     ln:4    
     45) Area:1 Z=7   N-AMM     bl:14    ln:19   
     46) Area:1 Z=7   N-CMP     bl:2     ln:2    
     47) Area:1 Z=8   O-0       bl:5     ln:25   
     48) Area:1 Z=8   O-14      bl:4     ln:5    
     49) Area:1 Z=8   O-15      bl:19    ln:20   
     50) Area:1 Z=8   O-16      bl:399   ln:998  
     51) Area:1 Z=8   O-17      bl:44    ln:78   
     52) Area:1 Z=8   O-18      bl:37    ln:86   
     53) Area:1 Z=8   O-19      bl:1     ln:1    
     54) Area:1 Z=8   O-20      bl:1     ln:1    
     55) Area:1 Z=8   O-CMP     bl:5     ln:15   
     56) Area:1 Z=9   F-0       bl:1     ln:1    
     57) Area:1 Z=9   F-18      bl:4     ln:4    
     58) Area:1 Z=9   F-19      bl:215   ln:522  
     59) Area:1 Z=9   F-20      bl:5     ln:5    
     60) Area:1 Z=9   F-CMP     bl:2     ln:2    
     61) Area:1 Z=10  NE-0      bl:27    ln:54   
     62) Area:1 Z=10  NE-19     bl:3     ln:3    
     63) Area:1 Z=10  NE-20     bl:50    ln:81   
     64) Area:1 Z=10  NE-21     bl:12    ln:16   
     65) Area:1 Z=10  NE-22     bl:15    ln:25   
     66) Area:1 Z=10  NE-23     bl:2     ln:2    
     67) Area:1 Z=11  NA-0      bl:1     ln:1    
     68) Area:1 Z=11  NA-21     bl:1     ln:1    
     69) Area:1 Z=11  NA-22     bl:14    ln:48   
     70) Area:1 Z=11  NA-23     bl:288   ln:752  
     71) Area:1 Z=11  NA-24     bl:7     ln:8    
     72) Area:1 Z=11  NA-CMP    bl:5     ln:5    
     73) Area:1 Z=12  MG-0      bl:184   ln:471  
     74) Area:1 Z=12  MG-22     bl:1     ln:1    
     75) Area:1 Z=12  MG-23     bl:3     ln:4    
     76) Area:1 Z=12  MG-24     bl:97    ln:208  
     77) Area:1 Z=12  MG-25     bl:41    ln:68   
     78) Area:1 Z=12  MG-26     bl:50    ln:99   
     79) Area:1 Z=12  MG-27     bl:4     ln:6    
     80) Area:1 Z=12  MG-CMP    bl:6     ln:7    
     81) Area:1 Z=13  AL-0      bl:1     ln:1    
     82) Area:1 Z=13  AL-25     bl:1     ln:1    
     83) Area:1 Z=13  AL-26     bl:9     ln:15   
     84) Area:1 Z=13  AL-27     bl:652   ln:1730 
     85) Area:1 Z=13  AL-28     bl:5     ln:5    
     86) Area:1 Z=13  AL-CMP    bl:4     ln:5    
     87) Area:1 Z=14  SI-0      bl:191   ln:586  
     88) Area:1 Z=14  SI-27     bl:5     ln:5    
     89) Area:1 Z=14  SI-28     bl:162   ln:370  
     90) Area:1 Z=14  SI-29     bl:45    ln:89   
     91) Area:1 Z=14  SI-30     bl:50    ln:91   
     92) Area:1 Z=14  SI-31     bl:4     ln:5    
     93) Area:1 Z=14  SI-32     bl:1     ln:2    
     94) Area:1 Z=14  SI-CMP    bl:3     ln:9    
     95) Area:1 Z=14  SI-OXI    bl:13    ln:15   
     96) Area:1 Z=15  P-0       bl:1     ln:1    
     97) Area:1 Z=15  P-29      bl:2     ln:2    
     98) Area:1 Z=15  P-30      bl:3     ln:4    
     99) Area:1 Z=15  P-31      bl:123   ln:235  
    100) Area:1 Z=15  P-32      bl:5     ln:5    
    101) Area:1 Z=16  S-0       bl:162   ln:416  
    102) Area:1 Z=16  S-31      bl:2     ln:2    
    103) Area:1 Z=16  S-32      bl:144   ln:288  
    104) Area:1 Z=16  S-33      bl:37    ln:90   
    105) Area:1 Z=16  S-34      bl:48    ln:114  
    106) Area:1 Z=16  S-35      bl:2     ln:2    
    107) Area:1 Z=16  S-36      bl:10    ln:20   
    108) Area:1 Z=16  S-37      bl:2     ln:2    
    109) Area:1 Z=16  S-CMP     bl:3     ln:3    
    110) Area:1 Z=17  CL-0      bl:74    ln:171  
    111) Area:1 Z=17  CL-34     bl:2     ln:2    
    112) Area:1 Z=17  CL-35     bl:90    ln:180  
    113) Area:1 Z=17  CL-36     bl:13    ln:23   
    114) Area:1 Z=17  CL-37     bl:49    ln:104  
    115) Area:1 Z=17  CL-38     bl:4     ln:4    
    116) Area:1 Z=17  CL-CMP    bl:7     ln:14   
    117) Area:1 Z=18  AR-0      bl:40    ln:76   
    118) Area:1 Z=18  AR-35     bl:2     ln:2    
    119) Area:1 Z=18  AR-36     bl:24    ln:57   
    120) Area:1 Z=18  AR-37     bl:4     ln:4    
    121) Area:1 Z=18  AR-38     bl:10    ln:15   
    122) Area:1 Z=18  AR-39     bl:2     ln:2    
    123) Area:1 Z=18  AR-40     bl:61    ln:137  
    124) Area:1 Z=18  AR-41     bl:4     ln:4    
    125) Area:1 Z=19  K-0       bl:81    ln:171  
    126) Area:1 Z=19  K-38      bl:3     ln:3    
    127) Area:1 Z=19  K-39      bl:61    ln:125  
    128) Area:1 Z=19  K-40      bl:14    ln:24   
    129) Area:1 Z=19  K-41      bl:55    ln:126  
    130) Area:1 Z=19  K-42      bl:4     ln:4    
    131) Area:1 Z=19  K-CMP     bl:11    ln:20   
    132) Area:1 Z=20  CA-0      bl:164   ln:472  
    133) Area:1 Z=20  CA-39     bl:2     ln:2    
    134) Area:1 Z=20  CA-40     bl:189   ln:434  
    135) Area:1 Z=20  CA-41     bl:6     ln:6    
    136) Area:1 Z=20  CA-42     bl:36    ln:67   
    137) Area:1 Z=20  CA-43     bl:30    ln:67   
    138) Area:1 Z=20  CA-44     bl:46    ln:109  
    139) Area:1 Z=20  CA-45     bl:4     ln:4    
    140) Area:1 Z=20  CA-46     bl:16    ln:27   
    141) Area:1 Z=20  CA-47     bl:2     ln:2    
    142) Area:1 Z=20  CA-48     bl:40    ln:131  
    143) Area:1 Z=20  CA-49     bl:2     ln:2    
    144) Area:1 Z=20  CA-CMP    bl:8     ln:8    
    145) Area:1 Z=21  SC-0      bl:1     ln:1    
    146) Area:1 Z=21  SC-44     bl:6     ln:6    
    147) Area:1 Z=21  SC-45     bl:135   ln:312  
    148) Area:1 Z=21  SC-46     bl:6     ln:7    
    149) Area:1 Z=22  TI-0      bl:203   ln:586  
    150) Area:1 Z=22  TI-44     bl:2     ln:5    
    151) Area:1 Z=22  TI-45     bl:3     ln:3    
    152) Area:1 Z=22  TI-46     bl:87    ln:296  
    153) Area:1 Z=22  TI-47     bl:63    ln:139  
    154) Area:1 Z=22  TI-48     bl:121   ln:337  
    155) Area:1 Z=22  TI-49     bl:38    ln:80   
    156) Area:1 Z=22  TI-50     bl:56    ln:99   
    157) Area:1 Z=22  TI-51     bl:4     ln:4    
    158) Area:1 Z=22  TI-CMP    bl:5     ln:11   
    159) Area:1 Z=23  V-0       bl:22    ln:113  
    160) Area:1 Z=23  V-49      bl:2     ln:2    
    161) Area:1 Z=23  V-50      bl:15    ln:28   
    162) Area:1 Z=23  V-51      bl:319   ln:837  
    163) Area:1 Z=23  V-52      bl:4     ln:5    
    164) Area:1 Z=23  V-CMP     bl:3     ln:3    
    165) Area:1 Z=24  CR-0      bl:177   ln:528  
    166) Area:1 Z=24  CR-49     bl:3     ln:3    
    167) Area:1 Z=24  CR-50     bl:96    ln:311  
    168) Area:1 Z=24  CR-51     bl:5     ln:7    
    169) Area:1 Z=24  CR-52     bl:165   ln:446  
    170) Area:1 Z=24  CR-53     bl:79    ln:227  
    171) Area:1 Z=24  CR-54     bl:58    ln:172  
    172) Area:1 Z=24  CR-55     bl:4     ln:5    
    173) Area:1 Z=24  CR-CMP    bl:3     ln:3    
    174) Area:1 Z=25  MN-0      bl:1     ln:1    
    175) Area:1 Z=25  MN-53     bl:1     ln:2    
    176) Area:1 Z=25  MN-54     bl:7     ln:9    
    177) Area:1 Z=25  MN-55     bl:282   ln:632  
    178) Area:1 Z=25  MN-56     bl:3     ln:3    
    179) Area:1 Z=25  MN-CMP    bl:25    ln:25   
    180) Area:1 Z=26  FE-0      bl:560   ln:1591 
    181) Area:1 Z=26  FE-53     bl:2     ln:2    
    182) Area:1 Z=26  FE-54     bl:254   ln:876  
    183) Area:1 Z=26  FE-55     bl:7     ln:11   
    184) Area:1 Z=26  FE-56     bl:381   ln:1013 
    185) Area:1 Z=26  FE-57     bl:55    ln:139  
    186) Area:1 Z=26  FE-58     bl:50    ln:115  
    187) Area:1 Z=26  FE-59     bl:3     ln:4    
    188) Area:1 Z=26  FE-CMP    bl:32    ln:112  
    189) Area:1 Z=27  CO-0      bl:1     ln:1    
    190) Area:1 Z=27  CO-56     bl:1     ln:1    
    191) Area:1 Z=27  CO-58     bl:11    ln:25   
    192) Area:1 Z=27  CO-59     bl:438   ln:1082 
    193) Area:1 Z=27  CO-60     bl:11    ln:21   
    194) Area:1 Z=27  CO-CMP    bl:3     ln:3    
    195) Area:1 Z=28  NI-0      bl:306   ln:805  
    196) Area:1 Z=28  NI-57     bl:3     ln:3    
    197) Area:1 Z=28  NI-58     bl:337   ln:993  
    198) Area:1 Z=28  NI-59     bl:34    ln:104  
    199) Area:1 Z=28  NI-60     bl:226   ln:742  
    200) Area:1 Z=28  NI-61     bl:51    ln:114  
    201) Area:1 Z=28  NI-62     bl:87    ln:167  
    202) Area:1 Z=28  NI-63     bl:5     ln:9    
    203) Area:1 Z=28  NI-64     bl:72    ln:165  
    204) Area:1 Z=28  NI-65     bl:6     ln:9    
    205) Area:1 Z=28  NI-CMP    bl:6     ln:7    
    206) Area:1 Z=29  CU-0      bl:357   ln:847  
    207) Area:1 Z=29  CU-59     bl:2     ln:2    
    208) Area:1 Z=29  CU-60     bl:1     ln:1    
    209) Area:1 Z=29  CU-61     bl:1     ln:1    
    210) Area:1 Z=29  CU-62     bl:4     ln:4    
    211) Area:1 Z=29  CU-63     bl:232   ln:692  
    212) Area:1 Z=29  CU-64     bl:8     ln:13   
    213) Area:1 Z=29  CU-65     bl:208   ln:702  
    214) Area:1 Z=29  CU-66     bl:5     ln:7    
    215) Area:1 Z=29  CU-CMP    bl:7     ln:7    
    216) Area:1 Z=30  ZN-0      bl:169   ln:378  
    217) Area:1 Z=30  ZN-63     bl:3     ln:3    
    218) Area:1 Z=30  ZN-64     bl:111   ln:257  
    219) Area:1 Z=30  ZN-65     bl:10    ln:17   
    220) Area:1 Z=30  ZN-66     bl:48    ln:108  
    221) Area:1 Z=30  ZN-67     bl:31    ln:70   
    222) Area:1 Z=30  ZN-68     bl:71    ln:172  
    223) Area:1 Z=30  ZN-69     bl:3     ln:3    
    224) Area:1 Z=30  ZN-70     bl:25    ln:63   
    225) Area:1 Z=30  ZN-71     bl:2     ln:2    
    226) Area:1 Z=30  ZN-CMP    bl:4     ln:4    
    227) Area:1 Z=31  GA-0      bl:38    ln:67   
    228) Area:1 Z=31  GA-68     bl:2     ln:2    
    229) Area:1 Z=31  GA-69     bl:39    ln:76   
    230) Area:1 Z=31  GA-70     bl:3     ln:3    
    231) Area:1 Z=31  GA-71     bl:39    ln:76   
    232) Area:1 Z=31  GA-72     bl:1     ln:1    
    233) Area:1 Z=32  GE-0      bl:63    ln:139  
    234) Area:1 Z=32  GE-68     bl:1     ln:3    
    235) Area:1 Z=32  GE-69     bl:2     ln:2    
    236) Area:1 Z=32  GE-70     bl:38    ln:69   
    237) Area:1 Z=32  GE-71     bl:3     ln:3    
    238) Area:1 Z=32  GE-72     bl:27    ln:55   
    239) Area:1 Z=32  GE-73     bl:19    ln:32   
    240) Area:1 Z=32  GE-74     bl:44    ln:80   
    241) Area:1 Z=32  GE-75     bl:3     ln:3    
    242) Area:1 Z=32  GE-76     bl:39    ln:70   
    243) Area:1 Z=32  GE-77     bl:2     ln:2    
    244) Area:1 Z=33  AS-0      bl:1     ln:1    
    245) Area:1 Z=33  AS-74     bl:5     ln:5    
    246) Area:1 Z=33  AS-75     bl:136   ln:273  
    247) Area:1 Z=33  AS-76     bl:2     ln:2    
    248) Area:1 Z=33  AS-77     bl:1     ln:1    
    249) Area:1 Z=34  SE-0      bl:85    ln:181  
    250) Area:1 Z=34  SE-73     bl:2     ln:2    
    251) Area:1 Z=34  SE-74     bl:26    ln:46   
    252) Area:1 Z=34  SE-75     bl:2     ln:2    
    253) Area:1 Z=34  SE-76     bl:37    ln:66   
    254) Area:1 Z=34  SE-77     bl:30    ln:54   
    255) Area:1 Z=34  SE-78     bl:32    ln:48   
    256) Area:1 Z=34  SE-79     bl:4     ln:4    
    257) Area:1 Z=34  SE-80     bl:56    ln:101  
    258) Area:1 Z=34  SE-81     bl:2     ln:2    
    259) Area:1 Z=34  SE-82     bl:32    ln:48   
    260) Area:1 Z=34  SE-83     bl:1     ln:1    
    261) Area:1 Z=34  SE-84     bl:1     ln:1    
    262) Area:1 Z=34  SE-87     bl:5     ln:5    
    263) Area:1 Z=34  SE-88     bl:5     ln:5    
    264) Area:1 Z=35  BR-0      bl:48    ln:98   
    265) Area:1 Z=35  BR-78     bl:2     ln:2    
    266) Area:1 Z=35  BR-79     bl:54    ln:106  
    267) Area:1 Z=35  BR-80     bl:3     ln:3    
    268) Area:1 Z=35  BR-81     bl:53    ln:105  
    269) Area:1 Z=35  BR-82     bl:3     ln:3    
    270) Area:1 Z=35  BR-89     bl:1     ln:1    
    271) Area:1 Z=35  BR-CMP    bl:4     ln:10   
    272) Area:1 Z=36  KR-0      bl:24    ln:48   
    273) Area:1 Z=36  KR-77     bl:1     ln:1    
    274) Area:1 Z=36  KR-78     bl:19    ln:37   
    275) Area:1 Z=36  KR-79     bl:1     ln:1    
    276) Area:1 Z=36  KR-80     bl:23    ln:53   
    277) Area:1 Z=36  KR-81     bl:2     ln:2    
    278) Area:1 Z=36  KR-82     bl:21    ln:38   
    279) Area:1 Z=36  KR-83     bl:22    ln:34   
    280) Area:1 Z=36  KR-84     bl:30    ln:47   
    281) Area:1 Z=36  KR-85     bl:13    ln:18   
    282) Area:1 Z=36  KR-86     bl:36    ln:91   
    283) Area:1 Z=36  KR-92     bl:5     ln:5    
    284) Area:1 Z=36  KR-93     bl:5     ln:5    
    285) Area:1 Z=37  RB-0      bl:20    ln:41   
    286) Area:1 Z=37  RB-84     bl:2     ln:2    
    287) Area:1 Z=37  RB-85     bl:63    ln:129  
    288) Area:1 Z=37  RB-86     bl:9     ln:13   
    289) Area:1 Z=37  RB-87     bl:54    ln:106  
    290) Area:1 Z=37  RB-88     bl:4     ln:7    
    291) Area:1 Z=37  RB-95     bl:1     ln:1    
    292) Area:1 Z=37  RB-CMP    bl:3     ln:12   
    293) Area:1 Z=38  SR-0      bl:55    ln:107  
    294) Area:1 Z=38  SR-83     bl:1     ln:1    
    295) Area:1 Z=38  SR-84     bl:20    ln:34   
    296) Area:1 Z=38  SR-85     bl:4     ln:4    
    297) Area:1 Z=38  SR-86     bl:41    ln:87   
    298) Area:1 Z=38  SR-87     bl:32    ln:60   
    299) Area:1 Z=38  SR-88     bl:67    ln:137  
    300) Area:1 Z=38  SR-89     bl:7     ln:11   
    301) Area:1 Z=38  SR-90     bl:8     ln:14   
    302) Area:1 Z=38  SR-91     bl:1     ln:1    
    303) Area:1 Z=38  SR-94     bl:5     ln:5    
    304) Area:1 Z=38  SR-95     bl:5     ln:5    
    305) Area:1 Z=38  SR-CMP    bl:4     ln:7    
    306) Area:1 Z=39  Y-0       bl:1     ln:1    
    307) Area:1 Z=39  Y-86      bl:2     ln:4    
    308) Area:1 Z=39  Y-87      bl:15    ln:19   
    309) Area:1 Z=39  Y-88      bl:25    ln:40   
    310) Area:1 Z=39  Y-89      bl:302   ln:775  
    311) Area:1 Z=39  Y-90      bl:12    ln:18   
    312) Area:1 Z=39  Y-91      bl:7     ln:14   
    313) Area:1 Z=39  Y-92      bl:2     ln:4    
    314) Area:1 Z=39  Y-93      bl:1     ln:1    
    315) Area:1 Z=39  Y-CMP     bl:9     ln:11   
    316) Area:1 Z=40  ZR-0      bl:230   ln:503  
    317) Area:1 Z=40  ZR-100    bl:5     ln:5    
    318) Area:1 Z=40  ZR-102    bl:5     ln:5    
    319) Area:1 Z=40  ZR-103    bl:5     ln:5    
    320) Area:1 Z=40  ZR-88     bl:12    ln:28   
    321) Area:1 Z=40  ZR-89     bl:13    ln:15   
    322) Area:1 Z=40  ZR-90     bl:192   ln:486  
    323) Area:1 Z=40  ZR-91     bl:82    ln:178  
    324) Area:1 Z=40  ZR-92     bl:98    ln:277  
    325) Area:1 Z=40  ZR-93     bl:21    ln:38   
    326) Area:1 Z=40  ZR-94     bl:99    ln:262  
    327) Area:1 Z=40  ZR-95     bl:6     ln:8    
    328) Area:1 Z=40  ZR-96     bl:69    ln:145  
    329) Area:1 Z=40  ZR-97     bl:1     ln:1    
    330) Area:1 Z=40  ZR-99     bl:5     ln:5    
    331) Area:1 Z=40  ZR-CMP    bl:1     ln:1    
    332) Area:1 Z=40  ZR-HYD    bl:39    ln:79   
    333) Area:1 Z=41  NB-0      bl:1     ln:1    
    334) Area:1 Z=41  NB-91     bl:2     ln:2    
    335) Area:1 Z=41  NB-92     bl:1     ln:1    
    336) Area:1 Z=41  NB-93     bl:394   ln:1140 
    337) Area:1 Z=41  NB-94     bl:22    ln:52   
    338) Area:1 Z=41  NB-95     bl:10    ln:24   
    339) Area:1 Z=41  NB-96     bl:1     ln:1    
    340) Area:1 Z=41  NB-97     bl:1     ln:1    
    341) Area:1 Z=41  NB-CMP    bl:2     ln:6    
    342) Area:1 Z=42  MO-0      bl:178   ln:443  
    343) Area:1 Z=42  MO-100    bl:97    ln:313  
    344) Area:1 Z=42  MO-107    bl:5     ln:5    
    345) Area:1 Z=42  MO-108    bl:5     ln:5    
    346) Area:1 Z=42  MO-91     bl:2     ln:2    
    347) Area:1 Z=42  MO-92     bl:130   ln:420  
    348) Area:1 Z=42  MO-93     bl:2     ln:2    
    349) Area:1 Z=42  MO-94     bl:58    ln:242  
    350) Area:1 Z=42  MO-95     bl:67    ln:176  
    351) Area:1 Z=42  MO-96     bl:81    ln:270  
    352) Area:1 Z=42  MO-97     bl:40    ln:76   
    353) Area:1 Z=42  MO-98     bl:124   ln:361  
    354) Area:1 Z=42  MO-99     bl:4     ln:7    
    355) Area:1 Z=43  TC-0      bl:1     ln:1    
    356) Area:1 Z=43  TC-100    bl:2     ln:2    
    357) Area:1 Z=43  TC-97     bl:4     ln:4    
    358) Area:1 Z=43  TC-98     bl:5     ln:6    
    359) Area:1 Z=43  TC-99     bl:54    ln:125  
    360) Area:1 Z=44  RU-0      bl:26    ln:72   
    361) Area:1 Z=44  RU-100    bl:23    ln:51   
    362) Area:1 Z=44  RU-101    bl:40    ln:106  
    363) Area:1 Z=44  RU-102    bl:43    ln:110  
    364) Area:1 Z=44  RU-103    bl:5     ln:8    
    365) Area:1 Z=44  RU-104    bl:48    ln:121  
    366) Area:1 Z=44  RU-105    bl:4     ln:9    
    367) Area:1 Z=44  RU-106    bl:10    ln:15   
    368) Area:1 Z=44  RU-95     bl:3     ln:3    
    369) Area:1 Z=44  RU-96     bl:38    ln:83   
    370) Area:1 Z=44  RU-97     bl:1     ln:1    
    371) Area:1 Z=44  RU-98     bl:10    ln:18   
    372) Area:1 Z=44  RU-99     bl:18    ln:39   
    373) Area:1 Z=45  RH-0      bl:1     ln:1    
    374) Area:1 Z=45  RH-102    bl:2     ln:2    
    375) Area:1 Z=45  RH-103    bl:218   ln:482  
    376) Area:1 Z=45  RH-104    bl:3     ln:4    
    377) Area:1 Z=45  RH-105    bl:12    ln:27   
    378) Area:1 Z=46  PD-0      bl:71    ln:205  
    379) Area:1 Z=46  PD-101    bl:1     ln:1    
    380) Area:1 Z=46  PD-102    bl:19    ln:39   
    381) Area:1 Z=46  PD-103    bl:2     ln:2    
    382) Area:1 Z=46  PD-104    bl:26    ln:52   
    383) Area:1 Z=46  PD-105    bl:43    ln:98   
    384) Area:1 Z=46  PD-106    bl:39    ln:79   
    385) Area:1 Z=46  PD-107    bl:20    ln:47   
    386) Area:1 Z=46  PD-108    bl:56    ln:126  
    387) Area:1 Z=46  PD-109    bl:4     ln:4    
    388) Area:1 Z=46  PD-110    bl:39    ln:78   
    389) Area:1 Z=46  PD-112    bl:1     ln:1    
    390) Area:1 Z=46  PD-CMP    bl:1     ln:2    
    391) Area:1 Z=47  AG-0      bl:218   ln:475  
    392) Area:1 Z=47  AG-106    bl:1     ln:1    
    393) Area:1 Z=47  AG-107    bl:96    ln:203  
    394) Area:1 Z=47  AG-108    bl:3     ln:3    
    395) Area:1 Z=47  AG-109    bl:113   ln:183  
    396) Area:1 Z=47  AG-110    bl:4     ln:4    
    397) Area:1 Z=47  AG-111    bl:6     ln:10   
    398) Area:1 Z=47  AG-CMP    bl:2     ln:10   
    399) Area:1 Z=48  CD-0      bl:227   ln:524  
    400) Area:1 Z=48  CD-105    bl:1     ln:1    
    401) Area:1 Z=48  CD-106    bl:26    ln:46   
    402) Area:1 Z=48  CD-107    bl:1     ln:1    
    403) Area:1 Z=48  CD-108    bl:15    ln:26   
    404) Area:1 Z=48  CD-109    bl:2     ln:4    
    405) Area:1 Z=48  CD-110    bl:47    ln:98   
    406) Area:1 Z=48  CD-111    bl:57    ln:129  
    407) Area:1 Z=48  CD-112    bl:53    ln:107  
    408) Area:1 Z=48  CD-113    bl:68    ln:126  
    409) Area:1 Z=48  CD-114    bl:63    ln:127  
    410) Area:1 Z=48  CD-115    bl:5     ln:8    
    411) Area:1 Z=48  CD-115-M1 bl:1     ln:1    
    412) Area:1 Z=48  CD-116    bl:45    ln:95   
    413) Area:1 Z=48  CD-120    bl:1     ln:2    
    414) Area:1 Z=48  CD-121    bl:1     ln:2    
    415) Area:1 Z=48  CD-122    bl:1     ln:2    
    416) Area:1 Z=48  CD-123    bl:1     ln:2    
    417) Area:1 Z=48  CD-124    bl:1     ln:2    
    418) Area:1 Z=48  CD-125    bl:1     ln:2    
    419) Area:1 Z=48  CD-126    bl:1     ln:2    
    420) Area:1 Z=48  CD-127    bl:1     ln:2    
    421) Area:1 Z=48  CD-128    bl:1     ln:2    
    422) Area:1 Z=48  CD-129    bl:1     ln:2    
    423) Area:1 Z=48  CD-130    bl:1     ln:2    
    424) Area:1 Z=48  CD-131    bl:1     ln:2    
    425) Area:1 Z=48  CD-132    bl:1     ln:2    
    426) Area:1 Z=48  CD-133    bl:1     ln:2    
    427) Area:1 Z=48  CD-134    bl:1     ln:2    
    428) Area:1 Z=48  CD-135    bl:1     ln:2    
    429) Area:1 Z=48  CD-136    bl:1     ln:2    
    430) Area:1 Z=48  CD-137    bl:1     ln:2    
    431) Area:1 Z=48  CD-138    bl:1     ln:2    
    432) Area:1 Z=48  CD-139    bl:1     ln:2    
    433) Area:1 Z=48  CD-140    bl:1     ln:2    
    434) Area:1 Z=48  CD-CMP    bl:1     ln:1    
    435) Area:1 Z=49  IN-0      bl:149   ln:356  
    436) Area:1 Z=49  IN-112    bl:2     ln:2    
    437) Area:1 Z=49  IN-113    bl:41    ln:93   
    438) Area:1 Z=49  IN-114    bl:3     ln:3    
    439) Area:1 Z=49  IN-115    bl:189   ln:398  
    440) Area:1 Z=49  IN-116    bl:2     ln:2    
    441) Area:1 Z=50  SN-0      bl:196   ln:490  
    442) Area:1 Z=50  SN-111    bl:2     ln:2    
    443) Area:1 Z=50  SN-112    bl:53    ln:114  
    444) Area:1 Z=50  SN-113    bl:3     ln:3    
    445) Area:1 Z=50  SN-114    bl:20    ln:49   
    446) Area:1 Z=50  SN-115    bl:21    ln:39   
    447) Area:1 Z=50  SN-116    bl:85    ln:276  
    448) Area:1 Z=50  SN-117    bl:50    ln:107  
    449) Area:1 Z=50  SN-118    bl:80    ln:222  
    450) Area:1 Z=50  SN-119    bl:37    ln:67   
    451) Area:1 Z=50  SN-120    bl:114   ln:351  
    452) Area:1 Z=50  SN-121    bl:2     ln:2    
    453) Area:1 Z=50  SN-122    bl:58    ln:169  
    454) Area:1 Z=50  SN-123    bl:4     ln:11   
    455) Area:1 Z=50  SN-124    bl:72    ln:216  
    456) Area:1 Z=50  SN-125    bl:5     ln:8    
    457) Area:1 Z=50  SN-126    bl:4     ln:7    
    458) Area:1 Z=50  SN-130    bl:5     ln:5    
    459) Area:1 Z=50  SN-131    bl:5     ln:5    
    460) Area:1 Z=51  SB-0      bl:135   ln:351  
    461) Area:1 Z=51  SB-116    bl:1     ln:1    
    462) Area:1 Z=51  SB-117    bl:3     ln:3    
    463) Area:1 Z=51  SB-118    bl:1     ln:1    
    464) Area:1 Z=51  SB-119    bl:1     ln:1    
    465) Area:1 Z=51  SB-120    bl:2     ln:2    
    466) Area:1 Z=51  SB-121    bl:77    ln:141  
    467) Area:1 Z=51  SB-122    bl:4     ln:4    
    468) Area:1 Z=51  SB-123    bl:62    ln:109  
    469) Area:1 Z=51  SB-124    bl:8     ln:17   
    470) Area:1 Z=51  SB-125    bl:2     ln:5    
    471) Area:1 Z=51  SB-126    bl:3     ln:6    
    472) Area:1 Z=51  SB-127    bl:1     ln:1    
    473) Area:1 Z=52  TE-0      bl:67    ln:132  
    474) Area:1 Z=52  TE-120    bl:12    ln:24   
    475) Area:1 Z=52  TE-122    bl:24    ln:41   
    476) Area:1 Z=52  TE-123    bl:36    ln:61   
    477) Area:1 Z=52  TE-124    bl:23    ln:38   
    478) Area:1 Z=52  TE-125    bl:28    ln:48   
    479) Area:1 Z=52  TE-126    bl:36    ln:60   
    480) Area:1 Z=52  TE-127    bl:3     ln:6    
    481) Area:1 Z=52  TE-128    bl:41    ln:72   
    482) Area:1 Z=52  TE-129    bl:4     ln:7    
    483) Area:1 Z=52  TE-130    bl:41    ln:78   
    484) Area:1 Z=52  TE-131    bl:1     ln:1    
    485) Area:1 Z=52  TE-132    bl:5     ln:8    
    486) Area:1 Z=53  I-0       bl:1     ln:1    
    487) Area:1 Z=53  I-125     bl:3     ln:4    
    488) Area:1 Z=53  I-126     bl:4     ln:10   
    489) Area:1 Z=53  I-127     bl:203   ln:393  
    490) Area:1 Z=53  I-128     bl:1     ln:1    
    491) Area:1 Z=53  I-129     bl:27    ln:47   
    492) Area:1 Z=53  I-130     bl:6     ln:11   
    493) Area:1 Z=53  I-131     bl:11    ln:20   
    494) Area:1 Z=53  I-133     bl:1     ln:1    
    495) Area:1 Z=53  I-135     bl:3     ln:6    
    496) Area:1 Z=53  I-CMP     bl:4     ln:10   
    497) Area:1 Z=54  XE-0      bl:19    ln:32   
    498) Area:1 Z=54  XE-121    bl:1     ln:1    
    499) Area:1 Z=54  XE-124    bl:20    ln:42   
    500) Area:1 Z=54  XE-125    bl:1     ln:3    
    501) Area:1 Z=54  XE-126    bl:14    ln:27   
    502) Area:1 Z=54  XE-128    bl:20    ln:38   
    503) Area:1 Z=54  XE-129    bl:17    ln:25   
    504) Area:1 Z=54  XE-130    bl:23    ln:45   
    505) Area:1 Z=54  XE-131    bl:27    ln:42   
    506) Area:1 Z=54  XE-132    bl:30    ln:52   
    507) Area:1 Z=54  XE-133    bl:5     ln:9    
    508) Area:1 Z=54  XE-134    bl:26    ln:49   
    509) Area:1 Z=54  XE-135    bl:19    ln:36   
    510) Area:1 Z=54  XE-136    bl:30    ln:61   
    511) Area:1 Z=54  XE-137    bl:6     ln:6    
    512) Area:1 Z=54  XE-138    bl:9     ln:9    
    513) Area:1 Z=54  XE-139    bl:9     ln:9    
    514) Area:1 Z=55  CS-0      bl:1     ln:1    
    515) Area:1 Z=55  CS-132    bl:1     ln:1    
    516) Area:1 Z=55  CS-133    bl:110   ln:218  
    517) Area:1 Z=55  CS-134    bl:7     ln:11   
    518) Area:1 Z=55  CS-135    bl:16    ln:22   
    519) Area:1 Z=55  CS-136    bl:2     ln:5    
    520) Area:1 Z=55  CS-137    bl:14    ln:19   
    521) Area:1 Z=55  CS-CMP    bl:6     ln:15   
    522) Area:1 Z=56  BA-0      bl:65    ln:130  
    523) Area:1 Z=56  BA-130    bl:20    ln:44   
    524) Area:1 Z=56  BA-131    bl:1     ln:1    
    525) Area:1 Z=56  BA-132    bl:16    ln:21   
    526) Area:1 Z=56  BA-133    bl:1     ln:1    
    527) Area:1 Z=56  BA-134    bl:25    ln:44   
    528) Area:1 Z=56  BA-135    bl:26    ln:47   
    529) Area:1 Z=56  BA-136    bl:31    ln:49   
    530) Area:1 Z=56  BA-137    bl:29    ln:45   
    531) Area:1 Z=56  BA-138    bl:56    ln:105  
    532) Area:1 Z=56  BA-139    bl:3     ln:5    
    533) Area:1 Z=56  BA-140    bl:7     ln:13   
    534) Area:1 Z=56  BA-145    bl:5     ln:5    
    535) Area:1 Z=56  BA-146    bl:5     ln:5    
    536) Area:1 Z=56  BA-CMP    bl:2     ln:2    
    537) Area:1 Z=57  LA-0      bl:3     ln:8    
    538) Area:1 Z=57  LA-138    bl:12    ln:25   
    539) Area:1 Z=57  LA-139    bl:126   ln:283  
    540) Area:1 Z=57  LA-140    bl:11    ln:24   
    541) Area:1 Z=57  LA-CMP    bl:1     ln:1    
    542) Area:1 Z=58  CE-0      bl:55    ln:131  
    543) Area:1 Z=58  CE-136    bl:16    ln:25   
    544) Area:1 Z=58  CE-137    bl:3     ln:3    
    545) Area:1 Z=58  CE-138    bl:17    ln:27   
    546) Area:1 Z=58  CE-139    bl:4     ln:4    
    547) Area:1 Z=58  CE-140    bl:76    ln:181  
    548) Area:1 Z=58  CE-141    bl:6     ln:13   
    549) Area:1 Z=58  CE-142    bl:50    ln:109  
    550) Area:1 Z=58  CE-143    bl:6     ln:9    
    551) Area:1 Z=58  CE-144    bl:7     ln:13   
    552) Area:1 Z=59  PR-0      bl:1     ln:1    
    553) Area:1 Z=59  PR-140    bl:1     ln:1    
    554) Area:1 Z=59  PR-141    bl:117   ln:250  
    555) Area:1 Z=59  PR-142    bl:8     ln:12   
    556) Area:1 Z=59  PR-143    bl:8     ln:14   
    557) Area:1 Z=59  PR-145    bl:1     ln:1    
    558) Area:1 Z=59  PR-CMP    bl:1     ln:1    
    559) Area:1 Z=60  ND-0      bl:49    ln:113  
    560) Area:1 Z=60  ND-141    bl:1     ln:1    
    561) Area:1 Z=60  ND-142    bl:52    ln:89   
    562) Area:1 Z=60  ND-143    bl:57    ln:92   
    563) Area:1 Z=60  ND-144    bl:45    ln:96   
    564) Area:1 Z=60  ND-145    bl:51    ln:94   
    565) Area:1 Z=60  ND-146    bl:53    ln:108  
    566) Area:1 Z=60  ND-147    bl:13    ln:17   
    567) Area:1 Z=60  ND-148    bl:49    ln:98   
    568) Area:1 Z=60  ND-150    bl:44    ln:82   
    569) Area:1 Z=60  ND-CMP    bl:1     ln:2    
    570) Area:1 Z=61  PM-0      bl:1     ln:1    
    571) Area:1 Z=61  PM-145    bl:2     ln:2    
    572) Area:1 Z=61  PM-146    bl:1     ln:3    
    573) Area:1 Z=61  PM-147    bl:47    ln:118  
    574) Area:1 Z=61  PM-148    bl:15    ln:39   
    575) Area:1 Z=61  PM-149    bl:3     ln:7    
    576) Area:1 Z=61  PM-151    bl:4     ln:8    
    577) Area:1 Z=62  SM-0      bl:68    ln:169  
    578) Area:1 Z=62  SM-143    bl:1     ln:1    
    579) Area:1 Z=62  SM-144    bl:42    ln:92   
    580) Area:1 Z=62  SM-145    bl:4     ln:6    
    581) Area:1 Z=62  SM-146    bl:1     ln:2    
    582) Area:1 Z=62  SM-147    bl:47    ln:95   
    583) Area:1 Z=62  SM-148    bl:35    ln:73   
    584) Area:1 Z=62  SM-149    bl:68    ln:160  
    585) Area:1 Z=62  SM-150    bl:49    ln:106  
    586) Area:1 Z=62  SM-151    bl:28    ln:45   
    587) Area:1 Z=62  SM-152    bl:85    ln:199  
    588) Area:1 Z=62  SM-153    bl:5     ln:9    
    589) Area:1 Z=62  SM-154    bl:55    ln:133  
    590) Area:1 Z=62  SM-155    bl:2     ln:2    
    591) Area:1 Z=62  SM-156    bl:1     ln:1    
    592) Area:1 Z=62  SM-CMP    bl:2     ln:2    
    593) Area:1 Z=63  EU-0      bl:51    ln:94   
    594) Area:1 Z=63  EU-148    bl:1     ln:1    
    595) Area:1 Z=63  EU-149    bl:1     ln:1    
    596) Area:1 Z=63  EU-150    bl:1     ln:1    
    597) Area:1 Z=63  EU-151    bl:93    ln:201  
    598) Area:1 Z=63  EU-152    bl:11    ln:16   
    599) Area:1 Z=63  EU-153    bl:76    ln:159  
    600) Area:1 Z=63  EU-154    bl:14    ln:17   
    601) Area:1 Z=63  EU-155    bl:12    ln:16   
    602) Area:1 Z=63  EU-156    bl:2     ln:5    
    603) Area:1 Z=63  EU-157    bl:3     ln:6    
    604) Area:1 Z=64  GD-0      bl:88    ln:209  
    605) Area:1 Z=64  GD-148    bl:4     ln:6    
    606) Area:1 Z=64  GD-150    bl:2     ln:2    
    607) Area:1 Z=64  GD-152    bl:19    ln:28   
    608) Area:1 Z=64  GD-153    bl:5     ln:5    
    609) Area:1 Z=64  GD-154    bl:36    ln:78   
    610) Area:1 Z=64  GD-155    bl:59    ln:106  
    611) Area:1 Z=64  GD-156    bl:39    ln:56   
    612) Area:1 Z=64  GD-157    bl:58    ln:110  
    613) Area:1 Z=64  GD-158    bl:53    ln:105  
    614) Area:1 Z=64  GD-159    bl:4     ln:5    
    615) Area:1 Z=64  GD-160    bl:38    ln:83   
    616) Area:1 Z=64  GD-161    bl:2     ln:2    
    617) Area:1 Z=65  TB-0      bl:1     ln:1    
    618) Area:1 Z=65  TB-159    bl:81    ln:171  
    619) Area:1 Z=65  TB-160    bl:5     ln:8    
    620) Area:1 Z=65  TB-161    bl:1     ln:1    
    621) Area:1 Z=65  TB-CMP    bl:4     ln:4    
    622) Area:1 Z=66  DY-0      bl:50    ln:97   
    623) Area:1 Z=66  DY-156    bl:15    ln:17   
    624) Area:1 Z=66  DY-157    bl:1     ln:1    
    625) Area:1 Z=66  DY-158    bl:17    ln:19   
    626) Area:1 Z=66  DY-159    bl:2     ln:3    
    627) Area:1 Z=66  DY-160    bl:37    ln:70   
    628) Area:1 Z=66  DY-161    bl:47    ln:99   
    629) Area:1 Z=66  DY-162    bl:51    ln:100  
    630) Area:1 Z=66  DY-163    bl:56    ln:125  
    631) Area:1 Z=66  DY-164    bl:67    ln:134  
    632) Area:1 Z=66  DY-165    bl:1     ln:1    
    633) Area:1 Z=66  DY-CMP    bl:1     ln:1    
    634) Area:1 Z=67  HO-0      bl:1     ln:1    
    635) Area:1 Z=67  HO-165    bl:155   ln:386  
    636) Area:1 Z=67  HO-166    bl:6     ln:6    
    637) Area:1 Z=67  HO-166-M1 bl:1     ln:1    
    638) Area:1 Z=67  HO-167    bl:1     ln:1    
    639) Area:1 Z=68  ER-0      bl:70    ln:139  
    640) Area:1 Z=68  ER-162    bl:12    ln:17   
    641) Area:1 Z=68  ER-163    bl:1     ln:1    
    642) Area:1 Z=68  ER-164    bl:17    ln:42   
    643) Area:1 Z=68  ER-165    bl:1     ln:1    
    644) Area:1 Z=68  ER-166    bl:36    ln:94   
    645) Area:1 Z=68  ER-167    bl:55    ln:139  
    646) Area:1 Z=68  ER-168    bl:36    ln:98   
    647) Area:1 Z=68  ER-169    bl:2     ln:2    
    648) Area:1 Z=68  ER-170    bl:28    ln:69   
    649) Area:1 Z=68  ER-171    bl:1     ln:1    
    650) Area:1 Z=69  TM-0      bl:1     ln:1    
    651) Area:1 Z=69  TM-167    bl:1     ln:1    
    652) Area:1 Z=69  TM-168    bl:4     ln:4    
    653) Area:1 Z=69  TM-169    bl:106   ln:259  
    654) Area:1 Z=69  TM-170    bl:9     ln:15   
    655) Area:1 Z=69  TM-171    bl:6     ln:12   
    656) Area:1 Z=70  YB-0      bl:40    ln:76   
    657) Area:1 Z=70  YB-168    bl:19    ln:36   
    658) Area:1 Z=70  YB-169    bl:1     ln:1    
    659) Area:1 Z=70  YB-170    bl:26    ln:55   
    660) Area:1 Z=70  YB-171    bl:32    ln:82   
    661) Area:1 Z=70  YB-172    bl:27    ln:74   
    662) Area:1 Z=70  YB-173    bl:36    ln:92   
    663) Area:1 Z=70  YB-174    bl:31    ln:74   
    664) Area:1 Z=70  YB-175    bl:1     ln:1    
    665) Area:1 Z=70  YB-176    bl:25    ln:64   
    666) Area:1 Z=70  YB-177    bl:1     ln:1    
    667) Area:1 Z=70  YB-CMP    bl:2     ln:2    
    668) Area:1 Z=71  LU-0      bl:31    ln:60   
    669) Area:1 Z=71  LU-173    bl:1     ln:1    
    670) Area:1 Z=71  LU-175    bl:64    ln:171  
    671) Area:1 Z=71  LU-176    bl:46    ln:75   
    672) Area:1 Z=71  LU-177    bl:2     ln:2    
    673) Area:1 Z=72  HF-0      bl:74    ln:191  
    674) Area:1 Z=72  HF-174    bl:18    ln:35   
    675) Area:1 Z=72  HF-175    bl:1     ln:1    
    676) Area:1 Z=72  HF-176    bl:36    ln:77   
    677) Area:1 Z=72  HF-177    bl:58    ln:125  
    678) Area:1 Z=72  HF-178    bl:47    ln:107  
    679) Area:1 Z=72  HF-179    bl:58    ln:122  
    680) Area:1 Z=72  HF-180    bl:56    ln:129  
    681) Area:1 Z=72  HF-181    bl:3     ln:4    
    682) Area:1 Z=73  TA-0      bl:26    ln:107  
    683) Area:1 Z=73  TA-180    bl:14    ln:25   
    684) Area:1 Z=73  TA-181    bl:287   ln:707  
    685) Area:1 Z=73  TA-182    bl:15    ln:35   
    686) Area:1 Z=74  W-0       bl:211   ln:488  
    687) Area:1 Z=74  W-180     bl:9     ln:13   
    688) Area:1 Z=74  W-181     bl:2     ln:2    
    689) Area:1 Z=74  W-182     bl:123   ln:333  
    690) Area:1 Z=74  W-183     bl:99    ln:233  
    691) Area:1 Z=74  W-184     bl:156   ln:376  
    692) Area:1 Z=74  W-185     bl:2     ln:2    
    693) Area:1 Z=74  W-186     bl:152   ln:396  
    694) Area:1 Z=74  W-187     bl:8     ln:10   
    695) Area:1 Z=75  RE-0      bl:51    ln:136  
    696) Area:1 Z=75  RE-185    bl:54    ln:125  
    697) Area:1 Z=75  RE-186    bl:2     ln:2    
    698) Area:1 Z=75  RE-187    bl:57    ln:127  
    699) Area:1 Z=75  RE-188    bl:3     ln:3    
    700) Area:1 Z=76  OS-0      bl:31    ln:74   
    701) Area:1 Z=76  OS-184    bl:4     ln:4    
    702) Area:1 Z=76  OS-186    bl:16    ln:53   
    703) Area:1 Z=76  OS-187    bl:38    ln:122  
    704) Area:1 Z=76  OS-188    bl:23    ln:58   
    705) Area:1 Z=76  OS-189    bl:35    ln:89   
    706) Area:1 Z=76  OS-190    bl:27    ln:70   
    707) Area:1 Z=76  OS-192    bl:21    ln:68   
    708) Area:1 Z=76  OS-193    bl:1     ln:2    
    709) Area:1 Z=76  OS-194    bl:1     ln:1    
    710) Area:1 Z=77  IR-0      bl:47    ln:93   
    711) Area:1 Z=77  IR-191    bl:45    ln:89   
    712) Area:1 Z=77  IR-192    bl:3     ln:3    
    713) Area:1 Z=77  IR-193    bl:43    ln:84   
    714) Area:1 Z=77  IR-194    bl:2     ln:2    
    715) Area:1 Z=77  IR-195    bl:1     ln:1    
    716) Area:1 Z=78  PT-0      bl:66    ln:157  
    717) Area:1 Z=78  PT-190    bl:8     ln:11   
    718) Area:1 Z=78  PT-192    bl:14    ln:23   
    719) Area:1 Z=78  PT-193    bl:2     ln:2    
    720) Area:1 Z=78  PT-194    bl:30    ln:77   
    721) Area:1 Z=78  PT-195    bl:39    ln:78   
    722) Area:1 Z=78  PT-196    bl:44    ln:80   
    723) Area:1 Z=78  PT-198    bl:31    ln:64   
    724) Area:1 Z=78  PT-199    bl:1     ln:1    
    725) Area:1 Z=79  AU-0      bl:1     ln:1    
    726) Area:1 Z=79  AU-196    bl:1     ln:1    
    727) Area:1 Z=79  AU-197    bl:406   ln:953  
    728) Area:1 Z=79  AU-198    bl:10    ln:20   
    729) Area:1 Z=79  AU-199    bl:1     ln:1    
    730) Area:1 Z=80  HG-0      bl:105   ln:232  
    731) Area:1 Z=80  HG-196    bl:21    ln:38   
    732) Area:1 Z=80  HG-197    bl:1     ln:1    
    733) Area:1 Z=80  HG-198    bl:24    ln:60   
    734) Area:1 Z=80  HG-199    bl:42    ln:106  
    735) Area:1 Z=80  HG-200    bl:23    ln:49   
    736) Area:1 Z=80  HG-201    bl:25    ln:52   
    737) Area:1 Z=80  HG-202    bl:27    ln:56   
    738) Area:1 Z=80  HG-203    bl:1     ln:1    
    739) Area:1 Z=80  HG-204    bl:16    ln:36   
    740) Area:1 Z=80  HG-CMP    bl:1     ln:1    
    741) Area:1 Z=81  TL-0      bl:67    ln:174  
    742) Area:1 Z=81  TL-202    bl:2     ln:2    
    743) Area:1 Z=81  TL-203    bl:57    ln:128  
    744) Area:1 Z=81  TL-204    bl:9     ln:13   
    745) Area:1 Z=81  TL-205    bl:42    ln:125  
    746) Area:1 Z=81  TL-206    bl:1     ln:1    
    747) Area:1 Z=82  PB-0      bl:376   ln:828  
    748) Area:1 Z=82  PB-203    bl:1     ln:1    
    749) Area:1 Z=82  PB-204    bl:70    ln:197  
    750) Area:1 Z=82  PB-205    bl:4     ln:5    
    751) Area:1 Z=82  PB-206    bl:151   ln:392  
    752) Area:1 Z=82  PB-207    bl:119   ln:335  
    753) Area:1 Z=82  PB-208    bl:262   ln:629  
    754) Area:1 Z=82  PB-209    bl:2     ln:2    
    755) Area:1 Z=82  PB-CMP    bl:2     ln:2    
    756) Area:1 Z=83  BI-0      bl:1     ln:1    
    757) Area:1 Z=83  BI-204    bl:1     ln:1    
    758) Area:1 Z=83  BI-205    bl:1     ln:1    
    759) Area:1 Z=83  BI-206    bl:2     ln:2    
    760) Area:1 Z=83  BI-207    bl:1     ln:1    
    761) Area:1 Z=83  BI-208    bl:4     ln:4    
    762) Area:1 Z=83  BI-209    bl:411   ln:974  
    763) Area:1 Z=83  BI-210    bl:7     ln:9    
    764) Area:1 Z=84  PO-0      bl:1     ln:1    
    765) Area:1 Z=84  PO-210    bl:8     ln:9    
    766) Area:1 Z=85  AT-0      bl:1     ln:1    
    767) Area:1 Z=85  AT-212    bl:2     ln:2    
    768) Area:1 Z=86  RN-0      bl:1     ln:1    
    769) Area:1 Z=86  RN-222    bl:2     ln:3    
    770) Area:1 Z=87  FR-0      bl:1     ln:1    
    771) Area:1 Z=88  RA-0      bl:1     ln:1    
    772) Area:1 Z=88  RA-223    bl:2     ln:5    
    773) Area:1 Z=88  RA-226    bl:17    ln:33   
    774) Area:1 Z=88  RA-228    bl:2     ln:5    
    775) Area:1 Z=89  AC-0      bl:1     ln:1    
    776) Area:1 Z=89  AC-227    bl:7     ln:16   
    777) Area:1 Z=90  TH-0      bl:1     ln:1    
    778) Area:1 Z=90  TH-226    bl:1     ln:1    
    779) Area:1 Z=90  TH-227    bl:9     ln:11   
    780) Area:1 Z=90  TH-228    bl:4     ln:11   
    781) Area:1 Z=90  TH-229    bl:44    ln:91   
    782) Area:1 Z=90  TH-230    bl:40    ln:94   
    783) Area:1 Z=90  TH-231    bl:9     ln:14   
    784) Area:1 Z=90  TH-232    bl:554   ln:1447 
    785) Area:1 Z=90  TH-233    bl:15    ln:24   
    786) Area:1 Z=90  TH-234    bl:3     ln:3    
    787) Area:1 Z=90  TH-236    bl:1     ln:1    
    788) Area:1 Z=90  TH-CMP    bl:1     ln:3    
    789) Area:1 Z=91  PA-0      bl:1     ln:1    
    790) Area:1 Z=91  PA-229    bl:2     ln:5    
    791) Area:1 Z=91  PA-230    bl:3     ln:7    
    792) Area:1 Z=91  PA-231    bl:48    ln:121  
    793) Area:1 Z=91  PA-232    bl:10    ln:22   
    794) Area:1 Z=91  PA-233    bl:34    ln:94   
    795) Area:1 Z=91  PA-234    bl:2     ln:2    
    796) Area:1 Z=91  PA-235    bl:1     ln:1    
    797) Area:1 Z=91  PA-236    bl:1     ln:1    
    798) Area:1 Z=91  PA-237    bl:1     ln:1    
    799) Area:1 Z=91  PA-238    bl:2     ln:2    
    800) Area:1 Z=91  PA-239    bl:2     ln:2    
    801) Area:1 Z=91  PA-240    bl:2     ln:2    
    802) Area:1 Z=91  PA-241    bl:2     ln:2    
    803) Area:1 Z=91  PA-242    bl:2     ln:2    
    804) Area:1 Z=91  PA-243    bl:2     ln:2    
    805) Area:1 Z=91  PA-244    bl:2     ln:2    
    806) Area:1 Z=91  PA-245    bl:2     ln:2    
    807) Area:1 Z=91  PA-246    bl:2     ln:2    
    808) Area:1 Z=91  PA-247    bl:2     ln:2    
    809) Area:1 Z=91  PA-248    bl:2     ln:2    
    810) Area:1 Z=91  PA-249    bl:2     ln:2    
    811) Area:1 Z=91  PA-250    bl:2     ln:2    
    812) Area:1 Z=91  PA-251    bl:2     ln:2    
    813) Area:1 Z=91  PA-252    bl:2     ln:2    
    814) Area:1 Z=91  PA-253    bl:2     ln:2    
    815) Area:1 Z=91  PA-254    bl:2     ln:2    
    816) Area:1 Z=91  PA-255    bl:2     ln:2    
    817) Area:1 Z=91  PA-256    bl:2     ln:2    
    818) Area:1 Z=91  PA-257    bl:2     ln:2    
    819) Area:1 Z=91  PA-258    bl:1     ln:1    
    820) Area:1 Z=91  PA-259    bl:1     ln:1    
    821) Area:1 Z=91  PA-260    bl:1     ln:1    
    822) Area:1 Z=91  PA-261    bl:1     ln:1    
    823) Area:1 Z=91  PA-262    bl:1     ln:1    
    824) Area:1 Z=91  PA-263    bl:1     ln:1    
    825) Area:1 Z=91  PA-264    bl:1     ln:1    
    826) Area:1 Z=92  U-0       bl:157   ln:298  
    827) Area:1 Z=92  U-230     bl:4     ln:9    
    828) Area:1 Z=92  U-231     bl:3     ln:9    
    829) Area:1 Z=92  U-232     bl:44    ln:97   
    830) Area:1 Z=92  U-233     bl:676   ln:1489 
    831) Area:1 Z=92  U-234     bl:155   ln:282  
    832) Area:1 Z=92  U-235     bl:1672  ln:3813 
    833) Area:1 Z=92  U-235-M1  bl:1     ln:1    
    834) Area:1 Z=92  U-236     bl:189   ln:368  
    835) Area:1 Z=92  U-237     bl:49    ln:72   
    836) Area:1 Z=92  U-238     bl:1024  ln:2463 
    837) Area:1 Z=92  U-239     bl:31    ln:48   
    838) Area:1 Z=92  U-240     bl:13    ln:15   
    839) Area:1 Z=92  U-241     bl:6     ln:6    
    840) Area:1 Z=92  U-242     bl:6     ln:6    
    841) Area:1 Z=92  U-243     bl:6     ln:6    
    842) Area:1 Z=92  U-244     bl:6     ln:6    
    843) Area:1 Z=92  U-245     bl:6     ln:6    
    844) Area:1 Z=92  U-246     bl:6     ln:6    
    845) Area:1 Z=92  U-247     bl:6     ln:6    
    846) Area:1 Z=92  U-248     bl:6     ln:6    
    847) Area:1 Z=92  U-249     bl:7     ln:7    
    848) Area:1 Z=92  U-250     bl:5     ln:5    
    849) Area:1 Z=92  U-251     bl:6     ln:6    
    850) Area:1 Z=92  U-252     bl:5     ln:5    
    851) Area:1 Z=92  U-253     bl:5     ln:5    
    852) Area:1 Z=92  U-254     bl:4     ln:4    
    853) Area:1 Z=92  U-255     bl:4     ln:4    
    854) Area:1 Z=92  U-256     bl:4     ln:4    
    855) Area:1 Z=92  U-257     bl:4     ln:4    
    856) Area:1 Z=92  U-258     bl:1     ln:1    
    857) Area:1 Z=92  U-259     bl:1     ln:1    
    858) Area:1 Z=92  U-260     bl:1     ln:1    
    859) Area:1 Z=92  U-261     bl:1     ln:1    
    860) Area:1 Z=92  U-262     bl:1     ln:1    
    861) Area:1 Z=92  U-263     bl:1     ln:1    
    862) Area:1 Z=92  U-264     bl:1     ln:1    
    863) Area:1 Z=92  U-CMP     bl:13    ln:25   
    864) Area:1 Z=92  U-OXI     bl:26    ln:50   
    865) Area:1 Z=93  NP-0      bl:1     ln:1    
    866) Area:1 Z=93  NP-231    bl:1     ln:1    
    867) Area:1 Z=93  NP-232    bl:3     ln:5    
    868) Area:1 Z=93  NP-233    bl:3     ln:8    
    869) Area:1 Z=93  NP-234    bl:5     ln:10   
    870) Area:1 Z=93  NP-235    bl:5     ln:11   
    871) Area:1 Z=93  NP-236    bl:19    ln:41   
    872) Area:1 Z=93  NP-237    bl:221   ln:514  
    873) Area:1 Z=93  NP-238    bl:30    ln:49   
    874) Area:1 Z=93  NP-239    bl:18    ln:23   
    875) Area:1 Z=93  NP-240    bl:4     ln:4    
    876) Area:1 Z=93  NP-241    bl:3     ln:3    
    877) Area:1 Z=93  NP-242    bl:4     ln:4    
    878) Area:1 Z=93  NP-243    bl:2     ln:2    
    879) Area:1 Z=93  NP-244    bl:2     ln:2    
    880) Area:1 Z=93  NP-245    bl:1     ln:1    
    881) Area:1 Z=93  NP-246    bl:2     ln:2    
    882) Area:1 Z=93  NP-247    bl:2     ln:2    
    883) Area:1 Z=93  NP-248    bl:2     ln:2    
    884) Area:1 Z=93  NP-249    bl:2     ln:2    
    885) Area:1 Z=93  NP-250    bl:2     ln:2    
    886) Area:1 Z=93  NP-251    bl:2     ln:2    
    887) Area:1 Z=93  NP-252    bl:2     ln:2    
    888) Area:1 Z=93  NP-253    bl:2     ln:2    
    889) Area:1 Z=93  NP-254    bl:2     ln:2    
    890) Area:1 Z=93  NP-255    bl:2     ln:2    
    891) Area:1 Z=93  NP-256    bl:2     ln:2    
    892) Area:1 Z=93  NP-257    bl:2     ln:2    
    893) Area:1 Z=93  NP-258    bl:1     ln:1    
    894) Area:1 Z=93  NP-259    bl:1     ln:1    
    895) Area:1 Z=93  NP-260    bl:1     ln:1    
    896) Area:1 Z=93  NP-261    bl:1     ln:1    
    897) Area:1 Z=93  NP-262    bl:1     ln:1    
    898) Area:1 Z=93  NP-263    bl:1     ln:1    
    899) Area:1 Z=93  NP-264    bl:1     ln:1    
    900) Area:1 Z=94  PU-0      bl:1     ln:1    
    901) Area:1 Z=94  PU-234    bl:1     ln:1    
    902) Area:1 Z=94  PU-235    bl:1     ln:2    
    903) Area:1 Z=94  PU-236    bl:21    ln:37   
    904) Area:1 Z=94  PU-237    bl:13    ln:26   
    905) Area:1 Z=94  PU-238    bl:97    ln:227  
    906) Area:1 Z=94  PU-239    bl:1002  ln:2202 
    907) Area:1 Z=94  PU-240    bl:288   ln:647  
    908) Area:1 Z=94  PU-241    bl:301   ln:656  
    909) Area:1 Z=94  PU-242    bl:174   ln:417  
    910) Area:1 Z=94  PU-243    bl:25    ln:43   
    911) Area:1 Z=94  PU-244    bl:41    ln:86   
    912) Area:1 Z=94  PU-245    bl:9     ln:14   
    913) Area:1 Z=94  PU-246    bl:2     ln:3    
    914) Area:1 Z=94  PU-247    bl:4     ln:5    
    915) Area:1 Z=94  PU-248    bl:1     ln:1    
    916) Area:1 Z=94  PU-249    bl:4     ln:4    
    917) Area:1 Z=94  PU-251    bl:3     ln:3    
    918) Area:1 Z=94  PU-253    bl:3     ln:3    
    919) Area:1 Z=94  PU-CMP    bl:3     ln:5    
    920) Area:1 Z=95  AM-0      bl:1     ln:1    
    921) Area:1 Z=95  AM-238    bl:2     ln:5    
    922) Area:1 Z=95  AM-239    bl:4     ln:11   
    923) Area:1 Z=95  AM-240    bl:4     ln:7    
    924) Area:1 Z=95  AM-241    bl:133   ln:273  
    925) Area:1 Z=95  AM-242    bl:73    ln:165  
    926) Area:1 Z=95  AM-242-M1 bl:6     ln:6    
    927) Area:1 Z=95  AM-243    bl:98    ln:186  
    928) Area:1 Z=95  AM-244    bl:7     ln:10   
    929) Area:1 Z=95  AM-245    bl:1     ln:1    
    930) Area:1 Z=95  AM-246    bl:1     ln:1    
    931) Area:1 Z=95  AM-248    bl:1     ln:1    
    932) Area:1 Z=95  AM-250    bl:1     ln:1    
    933) Area:1 Z=96  CM-0      bl:1     ln:1    
    934) Area:1 Z=96  CM-238    bl:2     ln:2    
    935) Area:1 Z=96  CM-240    bl:6     ln:9    
    936) Area:1 Z=96  CM-241    bl:7     ln:14   
    937) Area:1 Z=96  CM-242    bl:47    ln:87   
    938) Area:1 Z=96  CM-243    bl:39    ln:105  
    939) Area:1 Z=96  CM-244    bl:98    ln:213  
    940) Area:1 Z=96  CM-245    bl:111   ln:238  
    941) Area:1 Z=96  CM-246    bl:67    ln:166  
    942) Area:1 Z=96  CM-247    bl:53    ln:105  
    943) Area:1 Z=96  CM-248    bl:67    ln:159  
    944) Area:1 Z=96  CM-249    bl:6     ln:8    
    945) Area:1 Z=96  CM-250    bl:15    ln:28   
    946) Area:1 Z=96  CM-251    bl:3     ln:5    
    947) Area:1 Z=97  BK-0      bl:1     ln:1    
    948) Area:1 Z=97  BK-244    bl:2     ln:5    
    949) Area:1 Z=97  BK-245    bl:2     ln:5    
    950) Area:1 Z=97  BK-246    bl:2     ln:6    
    951) Area:1 Z=97  BK-247    bl:2     ln:6    
    952) Area:1 Z=97  BK-248    bl:2     ln:4    
    953) Area:1 Z=97  BK-249    bl:38    ln:78   
    954) Area:1 Z=97  BK-250    bl:3     ln:6    
    955) Area:1 Z=97  BK-252    bl:1     ln:1    
    956) Area:1 Z=98  CF-0      bl:1     ln:1    
    957) Area:1 Z=98  CF-246    bl:8     ln:11   
    958) Area:1 Z=98  CF-248    bl:5     ln:6    
    959) Area:1 Z=98  CF-249    bl:81    ln:218  
    960) Area:1 Z=98  CF-250    bl:59    ln:105  
    961) Area:1 Z=98  CF-251    bl:54    ln:92   
    962) Area:1 Z=98  CF-252    bl:354   ln:715  
    963) Area:1 Z=98  CF-253    bl:21    ln:31   
    964) Area:1 Z=98  CF-254    bl:38    ln:51   
    965) Area:1 Z=98  CF-256    bl:8     ln:11   
    966) Area:1 Z=99  ES-0      bl:1     ln:1    
    967) Area:1 Z=99  ES-248    bl:1     ln:3    
    968) Area:1 Z=99  ES-249    bl:2     ln:6    
    969) Area:1 Z=99  ES-250    bl:2     ln:6    
    970) Area:1 Z=99  ES-251    bl:1     ln:1    
    971) Area:1 Z=99  ES-252    bl:1     ln:1    
    972) Area:1 Z=99  ES-253    bl:34    ln:58   
    973) Area:1 Z=99  ES-254    bl:36    ln:73   
    974) Area:1 Z=99  ES-255    bl:5     ln:5    
    975) Area:1 Z=99  ES-256    bl:1     ln:1    
    976) Area:1 Z=100 FM-0      bl:1     ln:1    
    977) Area:1 Z=100 FM-244    bl:2     ln:3    
    978) Area:1 Z=100 FM-246    bl:6     ln:8    
    979) Area:1 Z=100 FM-248    bl:5     ln:6    
    980) Area:1 Z=100 FM-250    bl:1     ln:1    
    981) Area:1 Z=100 FM-252    bl:3     ln:3    
    982) Area:1 Z=100 FM-254    bl:30    ln:39   
    983) Area:1 Z=100 FM-255    bl:21    ln:40   
    984) Area:1 Z=100 FM-256    bl:33    ln:50   
    985) Area:1 Z=100 FM-257    bl:30    ln:67   
    986) Area:1 Z=100 FM-258    bl:16    ln:33   
    987) Area:1 Z=100 FM-259    bl:9     ln:15   
    988) Area:1 Z=100 FM-264    bl:1     ln:1    
    989) Area:1 Z=101 MD-259    bl:11    ln:29   
    990) Area:1 Z=101 MD-260    bl:11    ln:26   
    991) Area:1 Z=102 NO-252    bl:6     ln:7    
    992) Area:1 Z=102 NO-256    bl:3     ln:5    
    993) Area:1 Z=102 NO-258    bl:5     ln:15   
    994) Area:1 Z=102 NO-259    bl:1     ln:1    
    995) Area:1 Z=102 NO-262    bl:5     ln:10   
    996) Area:1 Z=103 LR-259    bl:2     ln:3    
    997) Area:1 Z=104 RF-260    bl:5     ln:15   
    998) Area:1 Z=105 DB-262    bl:3     ln:6    
    999) Area:1 Z=999 FPROD     bl:39    ln:54   
   1000) Area:1 Z=999 MANY      bl:472   ln:550  
